[14:49:21] [Server thread/INFO]: Starting minecraft server version 1.7.10
[14:49:25] [Server thread/INFO]: Loading properties
[14:49:25] [Server thread/INFO]: Default game type: SURVIVAL
[14:49:25] [Server thread/INFO]: Generating keypair
[14:49:25] [Server thread/INFO]: Starting Minecraft server on *:25565
[14:49:26] [Server thread/WARN]: Failed to load user banlist: 
java.io.FileNotFoundException: banned-players.json (The system cannot find the file specified)
	at java.io.FileInputStream.open(Native Method) ~[?:1.7.0_71]
	at java.io.FileInputStream.<init>(FileInputStream.java:146) ~[?:1.7.0_71]
	at com.google.common.io.Files.newReader(Files.java:86) ~[guava-17.0.jar:?]
	at net.minecraft.server.management.UserList.func_152679_g(UserList.java:195) ~[UserList.class:?]
	at net.minecraft.server.dedicated.DedicatedPlayerList.func_152620_y(DedicatedPlayerList.java:124) [DedicatedPlayerList.class:?]
	at net.minecraft.server.dedicated.DedicatedPlayerList.<init>(DedicatedPlayerList.java:31) [DedicatedPlayerList.class:?]
	at net.minecraft.server.dedicated.DedicatedServer.startServer(DedicatedServer.java:214) [DedicatedServer.class:?]
	at net.minecraft.server.MinecraftServer.run(MinecraftServer.java:445) [MinecraftServer.class:?]
	at net.minecraft.server.MinecraftServer$2.run(MinecraftServer.java:752) [MinecraftServer$2.class:?]
[14:49:26] [Server thread/WARN]: Failed to load ip banlist: 
java.io.FileNotFoundException: banned-ips.json (The system cannot find the file specified)
	at java.io.FileInputStream.open(Native Method) ~[?:1.7.0_71]
	at java.io.FileInputStream.<init>(FileInputStream.java:146) ~[?:1.7.0_71]
	at com.google.common.io.Files.newReader(Files.java:86) ~[guava-17.0.jar:?]
	at net.minecraft.server.management.UserList.func_152679_g(UserList.java:195) ~[UserList.class:?]
	at net.minecraft.server.dedicated.DedicatedPlayerList.func_152619_x(DedicatedPlayerList.java:112) [DedicatedPlayerList.class:?]
	at net.minecraft.server.dedicated.DedicatedPlayerList.<init>(DedicatedPlayerList.java:33) [DedicatedPlayerList.class:?]
	at net.minecraft.server.dedicated.DedicatedServer.startServer(DedicatedServer.java:214) [DedicatedServer.class:?]
	at net.minecraft.server.MinecraftServer.run(MinecraftServer.java:445) [MinecraftServer.class:?]
	at net.minecraft.server.MinecraftServer$2.run(MinecraftServer.java:752) [MinecraftServer$2.class:?]
[14:49:26] [Server thread/WARN]: Failed to load operators list: 
java.io.FileNotFoundException: ops.json (The system cannot find the file specified)
	at java.io.FileInputStream.open(Native Method) ~[?:1.7.0_71]
	at java.io.FileInputStream.<init>(FileInputStream.java:146) ~[?:1.7.0_71]
	at com.google.common.io.Files.newReader(Files.java:86) ~[guava-17.0.jar:?]
	at net.minecraft.server.management.UserList.func_152679_g(UserList.java:195) ~[UserList.class:?]
	at net.minecraft.server.dedicated.DedicatedPlayerList.loadOpsList(DedicatedPlayerList.java:136) [DedicatedPlayerList.class:?]
	at net.minecraft.server.dedicated.DedicatedPlayerList.<init>(DedicatedPlayerList.java:35) [DedicatedPlayerList.class:?]
	at net.minecraft.server.dedicated.DedicatedServer.startServer(DedicatedServer.java:214) [DedicatedServer.class:?]
	at net.minecraft.server.MinecraftServer.run(MinecraftServer.java:445) [MinecraftServer.class:?]
	at net.minecraft.server.MinecraftServer$2.run(MinecraftServer.java:752) [MinecraftServer$2.class:?]
[14:49:26] [Server thread/WARN]: Failed to load white-list: 
java.io.FileNotFoundException: whitelist.json (The system cannot find the file specified)
	at java.io.FileInputStream.open(Native Method) ~[?:1.7.0_71]
	at java.io.FileInputStream.<init>(FileInputStream.java:146) ~[?:1.7.0_71]
	at com.google.common.io.Files.newReader(Files.java:86) ~[guava-17.0.jar:?]
	at net.minecraft.server.management.UserList.func_152679_g(UserList.java:195) ~[UserList.class:?]
	at net.minecraft.server.dedicated.DedicatedPlayerList.readWhiteList(DedicatedPlayerList.java:160) [DedicatedPlayerList.class:?]
	at net.minecraft.server.dedicated.DedicatedPlayerList.<init>(DedicatedPlayerList.java:36) [DedicatedPlayerList.class:?]
	at net.minecraft.server.dedicated.DedicatedServer.startServer(DedicatedServer.java:214) [DedicatedServer.class:?]
	at net.minecraft.server.MinecraftServer.run(MinecraftServer.java:445) [MinecraftServer.class:?]
	at net.minecraft.server.MinecraftServer$2.run(MinecraftServer.java:752) [MinecraftServer$2.class:?]
[14:49:26] [Server thread/INFO]: Preparing level "world"
[14:49:30] [Server thread/INFO]: [Rcon] butts
[14:49:30] [Server thread/INFO]: Preparing start region for level 0
[14:49:31] [Server thread/INFO]: Preparing spawn area: 7%
[14:49:32] [Server thread/INFO]: Preparing spawn area: 16%
[14:49:33] [Server thread/INFO]: Preparing spawn area: 32%
[14:49:34] [Server thread/INFO]: Preparing spawn area: 46%
[14:49:35] [Server thread/INFO]: Preparing spawn area: 62%
[14:49:36] [Server thread/INFO]: Preparing spawn area: 74%
[14:49:37] [Server thread/INFO]: Preparing spawn area: 90%
[14:49:38] [Server thread/INFO]: Done (12.377s)! For help, type "help" or "?"
[14:50:04] [Server thread/INFO]: com.mojang.authlib.GameProfile@4365140d[id=<null>,name=Player687,properties={},legacy=false] (/127.0.0.1:50192) lost connection: Disconnected
[14:50:08] [Server thread/INFO]: Stopping server
[14:50:08] [Server thread/INFO]: Saving players
[14:50:08] [Server thread/INFO]: Saving worlds
[14:50:08] [Server thread/INFO]: Saving chunks for level 'world'/Overworld
[14:50:08] [Server thread/INFO]: Saving chunks for level 'world'/Nether
[14:50:08] [Server thread/INFO]: Saving chunks for level 'world'/The End
INFO]: Reloading ResourceManager: Default, FMLFileResourcePack:Forge Mod Loader, FMLFileResourcePack:Minecraft Forge, FMLFileResourcePack:examplemod, FMLFileResourcePack:purplepanic
[14:49:55] [Client thread/INFO]: Created: 256x256 textures/items-atlas
[14:49:55] [Client thread/INFO]: Created: 512x256 textures/blocks-atlas
[14:49:56] [Sound Library Loader/INFO]: Sound engine started
[14:50:03] [Client thread/INFO]: Connecting to localhost, 25565
[14:50:43] [Client thread/INFO]: Connecting to localhost, 25565
[14:50:43] [Client thread/INFO]: Connecting to localhost, 25565
[14:50:43] [Client thread/INFO]: Connecting to localhost, 25565
[14:50:44] [Client thread/FATAL]: Reported exception thrown!
net.minecraft.util.ReportedException: Ticking screen
	at net.minecraft.client.Minecraft.runTick(Minecraft.java:1756) ~[Minecraft.class:?]
	at net.minecraft.client.Minecraft.runGameLoop(Minecraft.java:1029) ~[Minecraft.class:?]
	at net.minecraft.client.Minecraft.run(Minecraft.java:951) [Minecraft.class:?]
	at net.minecraft.client.main.Main.main(Main.java:164) [Main.class:?]
	at sun.reflect.NativeMethodAccessorImpl.invoke0(Native Method) ~[?:1.7.0_71]
	at sun.reflect.NativeMethodAccessorImpl.invoke(NativeMethodAccessorImpl.java:57) ~[?:1.7.0_71]
	at sun.reflect.DelegatingMethodAccessorImpl.invoke(DelegatingMethodAccessorImpl.java:43) ~[?:1.7.0_71]
	at java.lang.reflect.Method.invoke(Method.java:606) ~[?:1.7.0_71]
	at net.minecraft.launchwrapper.Launch.launch(Launch.java:135) [launchwrapper-1.11.jar:?]
	at net.minecraft.launchwrapper.Launch.main(Launch.java:28) [launchwrapper-1.11.jar:?]
	at net.minecraftforge.gradle.GradleStartCommon.launch(Unknown Source) [start/:?]
	at GradleStart.main(Unknown Source) [start/:?]
Caused by: java.lang.NullPointerException
	at cpw.mods.fml.common.network.internal.FMLProxyPacket.processPacket(FMLProxyPacket.java:110) ~[FMLProxyPacket.class:?]
	at net.minecraft.network.NetworkManager.processReceivedPackets(NetworkManager.java:241) ~[NetworkManager.class:?]
	at net.minecraft.client.multiplayer.GuiConnecting.updateScreen(GuiConnecting.java:116) ~[GuiConnecting.class:?]
	at net.minecraft.client.Minecraft.runTick(Minecraft.java:1742) ~[Minecraft.class:?]
	... 11 more
inecraftServer.class:?]
	at net.minecraft.server.dedicated.DedicatedServer.updateTimeLightAndEntities(DedicatedServer.java:349) [DedicatedServer.class:?]
	at net.minecraft.server.MinecraftServer.tick(MinecraftServer.java:614) [MinecraftServer.class:?]
	at net.minecraft.server.MinecraftServer.run(MinecraftServer.java:485) [MinecraftServer.class:?]
	at net.minecraft.server.MinecraftServer$2.run(MinecraftServer.java:752) [MinecraftServer$2.class:?]
[14:50:44] [Server thread/WARN]: Failed to handle packet for /127.0.0.1:50271
java.lang.NullPointerException
	at cpw.mods.fml.common.network.internal.FMLProxyPacket.processPacket(FMLProxyPacket.java:110) ~[FMLProxyPacket.class:?]
	at net.minecraft.network.NetworkManager.processReceivedPackets(NetworkManager.java:241) ~[NetworkManager.class:?]
	at net.minecraft.network.NetworkSystem.networkTick(NetworkSystem.java:182) [NetworkSystem.class:?]
	at net.minecraft.server.MinecraftServer.updateTimeLightAndEntities(MinecraftServer.java:726) [MinecraftServer.class:?]
	at net.minecraft.server.dedicated.DedicatedServer.updateTimeLightAndEntities(DedicatedServer.java:349) [DedicatedServer.class:?]
	at net.minecraft.server.MinecraftServer.tick(MinecraftServer.java:614) [MinecraftServer.class:?]
	at net.minecraft.server.MinecraftServer.run(MinecraftServer.java:485) [MinecraftServer.class:?]
	at net.minecraft.server.MinecraftServer$2.run(MinecraftServer.java:752) [MinecraftServer$2.class:?]
[14:50:44] [Server thread/INFO]: Player687 lost connection: TextComponent{text='Internal server error', siblings=[], style=Style{hasParent=false, color=null, bold=null, italic=null, underlined=null, obfuscated=null, clickEvent=null, hoverEvent=null}}
[14:50:44] [Server thread/INFO]: Player687 left the game
[14:50:44] [Server thread/INFO]: Player687 lost connection: TextComponent{text='Internal server error', siblings=[], style=Style{hasParent=false, color=null, bold=null, italic=null, underlined=null, obfuscated=null, clickEvent=null, hoverEvent=null}}
[14:50:44] [Server thread/INFO]: Player687 left the game
[14:50:45] [Server thread/INFO]: Player687 lost connection: TranslatableComponent{key='disconnect.genericReason', args=[Internal Exception: java.io.IOException: An existing connection was forcibly closed by the remote host], siblings=[], style=Style{hasParent=false, color=null, bold=null, italic=null, underlined=null, obfuscated=null, clickEvent=null, hoverEvent=null}}
[14:50:45] [Server thread/INFO]: Player687 left the game
