[15:52:23] [Server thread/INFO]: Starting minecraft server version 1.7.10
[15:52:27] [Server thread/INFO]: Loading properties
[15:52:27] [Server thread/INFO]: Default game type: SURVIVAL
[15:52:27] [Server thread/INFO]: Generating keypair
[15:52:27] [Server thread/INFO]: Starting Minecraft server on *:25565
[15:52:27] [Server thread/WARN]: **** SERVER IS RUNNING IN OFFLINE/INSECURE MODE!
[15:52:27] [Server thread/WARN]: The server will make no attempt to authenticate usernames. Beware.
[15:52:27] [Server thread/WARN]: While this makes the game possible to play without internet access, it also opens up the ability for hackers to connect with any username they choose.
[15:52:27] [Server thread/WARN]: To change this, set "online-mode" to "true" in the server.properties file.
[15:52:28] [Server thread/INFO]: Preparing level "world"
[15:52:28] [Server thread/INFO]: Preparing start region for level 0
[15:52:29] [Server thread/INFO]: Done (1.497s)! For help, type "help" or "?"
[15:52:33] [Server thread/WARN]: Skipping BlockEntity with id thermalexpansion.Light
[15:52:33] [Server thread/WARN]: Skipping BlockEntity with id TableTile
[15:52:33] [Server thread/WARN]: Skipping BlockEntity with id LanternTile
[15:52:33] [Server thread/WARN]: Skipping BlockEntity with id TileEntityRainMuffler
[15:52:33] [Server thread/WARN]: Skipping BlockEntity with id TableTile
[15:52:33] [Server thread/WARN]: Skipping BlockEntity with id TileNPCTallLamp
[15:52:33] [Server thread/WARN]: Skipping BlockEntity with id RAM_WaySign
[15:52:33] [Server thread/WARN]: Skipping BlockEntity with id thermalexpansion.Light
[15:52:33] [Server thread/WARN]: Skipping BlockEntity with id thermalexpansion.Light
[15:52:33] [Server thread/WARN]: Skipping BlockEntity with id thermalexpansion.Light
[15:52:33] [Server thread/WARN]: Skipping BlockEntity with id thermalexpansion.Light
[15:52:33] [Server thread/WARN]: Skipping BlockEntity with id NaturaMapFrameTile
[15:52:33] [Server thread/WARN]: Skipping BlockEntity with id NaturaMapFrameTile
[15:52:33] [Server thread/WARN]: Skipping BlockEntity with id NaturaMapFrameTile
[15:52:33] [Server thread/WARN]: Skipping BlockEntity with id NaturaMapFrameTile
[15:52:33] [Server thread/WARN]: Skipping BlockEntity with id NaturaMapFrameTile
[15:52:33] [Server thread/WARN]: Skipping BlockEntity with id NaturaMapFrameTile
[15:52:33] [Server thread/WARN]: Skipping BlockEntity with id NaturaMapFrameTile
[15:52:33] [Server thread/WARN]: Skipping BlockEntity with id NaturaMapFrameTile
[15:52:33] [Server thread/WARN]: Skipping BlockEntity with id thermalexpansion.Light
[15:52:33] [Server thread/WARN]: Skipping BlockEntity with id thermalexpansion.Light
[15:52:33] [Server thread/WARN]: Skipping BlockEntity with id TileNPCCouchWool
[15:52:33] [Server thread/WARN]: Skipping BlockEntity with id TileNPCCouchWool
[15:52:33] [Server thread/WARN]: Skipping BlockEntity with id LampTile
[15:52:33] [Server thread/WARN]: Skipping BlockEntity with id LampTile
[15:52:33] [Server thread/WARN]: Skipping BlockEntity with id TileNPCCouchWool
[15:52:33] [Server thread/WARN]: Skipping BlockEntity with id TileNPCCouchWool
[15:52:33] [Server thread/WARN]: Skipping BlockEntity with id thermalexpansion.Light
[15:52:33] [Server thread/WARN]: Skipping BlockEntity with id thermalexpansion.Light
[15:52:33] [Server thread/WARN]: Skipping BlockEntity with id TableTile
[15:52:33] [Server thread/WARN]: Skipping BlockEntity with id TableTile
[15:52:33] [Server thread/WARN]: Skipping BlockEntity with id LanternTile
[15:52:33] [Server thread/WARN]: Skipping BlockEntity with id TileEntityAntiMobTorch
[15:52:33] [Server thread/WARN]: Skipping BlockEntity with id TileEntityRainMuffler
[15:52:33] [Server thread/WARN]: Skipping BlockEntity with id seatTile
[15:52:33] [Server thread/WARN]: Skipping BlockEntity with id thermalexpansion.Light
[15:52:33] [Server thread/WARN]: Skipping BlockEntity with id thermalexpansion.Light
[15:52:33] [Server thread/WARN]: Skipping BlockEntity with id thermalexpansion.Furnace
[15:52:33] [Server thread/WARN]: Skipping BlockEntity with id WritingDeskTile
[15:52:33] [Server thread/WARN]: Skipping BlockEntity with id thermalexpansion.Pulverizer
[15:52:33] [Server thread/WARN]: Skipping BlockEntity with id thermalexpansion.Sawmill
[15:52:33] [Server thread/WARN]: Skipping BlockEntity with id GenericShelfTile
[15:52:33] [Server thread/WARN]: Skipping BlockEntity with id ToolRackTile
[15:52:33] [Server thread/WARN]: Skipping BlockEntity with id LampTile
[15:52:33] [Server thread/WARN]: Skipping BlockEntity with id LampTile
[15:52:33] [Server thread/WARN]: Skipping BlockEntity with id thermaldynamics.FluxDuct
[15:52:33] [Server thread/WARN]: Skipping BlockEntity with id BlockCableBus
[15:52:33] [Server thread/WARN]: Skipping BlockEntity with id thermaldynamics.FluxDuct
[15:52:33] [Server thread/WARN]: Skipping BlockEntity with id thermaldynamics.FluxDuct
[15:52:33] [Server thread/WARN]: Skipping BlockEntity with id thermaldynamics.FluxDuct
[15:52:33] [Server thread/WARN]: Skipping BlockEntity with id BlockCableBus
[15:52:33] [Server thread/WARN]: Skipping BlockEntity with id thermaldynamics.FluxDuct
[15:52:33] [Server thread/WARN]: Skipping BlockEntity with id BlockCableBus
[15:52:33] [Server thread/WARN]: Skipping BlockEntity with id thermalexpansion.Light
[15:52:33] [Server thread/WARN]: Skipping BlockEntity with id thermaldynamics.FluxDuct
[15:52:33] [Server thread/WARN]: Skipping BlockEntity with id BlockCableBus
[15:52:33] [Server thread/WARN]: Skipping BlockEntity with id BlockCableBus
[15:52:33] [Server thread/WARN]: Skipping BlockEntity with id BlockCableBus
[15:52:33] [Server thread/WARN]: Skipping BlockEntity with id BlockCableBus
[15:52:33] [Server thread/WARN]: Skipping BlockEntity with id BlockCableBus
[15:52:33] [Server thread/WARN]: Skipping BlockEntity with id thermaldynamics.FluxDuct
[15:52:33] [Server thread/WARN]: Skipping BlockEntity with id BlockCableBus
[15:52:33] [Server thread/WARN]: Skipping BlockEntity with id BlockCableBus
[15:52:33] [Server thread/WARN]: Skipping BlockEntity with id BRReactorPart
[15:52:33] [Server thread/WARN]: Skipping BlockEntity with id BRReactorPart
[15:52:33] [Server thread/WARN]: Skipping BlockEntity with id BRReactorPart
[15:52:33] [Server thread/WARN]: Skipping BlockEntity with id BRReactorPart
[15:52:33] [Server thread/WARN]: Skipping BlockEntity with id BRReactorPart
[15:52:33] [Server thread/WARN]: Skipping BlockEntity with id BRReactorPart
[15:52:33] [Server thread/WARN]: Skipping BlockEntity with id BRReactorPart
[15:52:33] [Server thread/WARN]: Skipping BlockEntity with id BRReactorPart
[15:52:33] [Server thread/WARN]: Skipping BlockEntity with id BRReactorPart
[15:52:33] [Server thread/WARN]: Skipping BlockEntity with id BRReactorPart
[15:52:33] [Server thread/WARN]: Skipping BlockEntity with id BRReactorPart
[15:52:33] [Server thread/WARN]: Skipping BlockEntity with id BRReactorPart
[15:52:33] [Server thread/WARN]: Skipping BlockEntity with id BRReactorPart
[15:52:33] [Server thread/WARN]: Skipping BlockEntity with id BRReactorPart
[15:52:33] [Server thread/WARN]: Skipping BlockEntity with id BRReactorPart
[15:52:33] [Server thread/WARN]: Skipping BlockEntity with id BRReactorPart
[15:52:33] [Server thread/WARN]: Skipping BlockEntity with id BRReactorPart
[15:52:33] [Server thread/WARN]: Skipping BlockEntity with id BRReactorPart
[15:52:33] [Server thread/WARN]: Skipping BlockEntity with id BRReactorPart
[15:52:33] [Server thread/WARN]: Skipping BlockEntity with id BRReactorPart
[15:52:33] [Server thread/WARN]: Skipping BlockEntity with id BRReactorPart
[15:52:33] [Server thread/WARN]: Skipping BlockEntity with id BRReactorPart
[15:52:33] [Server thread/WARN]: Skipping BlockEntity with id BRReactorPart
[15:52:33] [Server thread/WARN]: Skipping BlockEntity with id BRReactorPart
[15:52:33] [Server thread/WARN]: Skipping BlockEntity with id BRReactorPart
[15:52:33] [Server thread/WARN]: Skipping BlockEntity with id BRReactorPart
[15:52:33] [Server thread/WARN]: Skipping BlockEntity with id BRReactorPart
[15:52:33] [Server thread/WARN]: Skipping BlockEntity with id BRReactorPart
[15:52:33] [Server thread/WARN]: Skipping BlockEntity with id BRReactorPart
[15:52:33] [Server thread/WARN]: Skipping BlockEntity with id BRReactorPart
[15:52:33] [Server thread/WARN]: Skipping BlockEntity with id BRReactorGlass
[15:52:33] [Server thread/WARN]: Skipping BlockEntity with id BRReactorGlass
[15:52:33] [Server thread/WARN]: Skipping BlockEntity with id BRReactorGlass
[15:52:33] [Server thread/WARN]: Skipping BlockEntity with id BRReactorGlass
[15:52:33] [Server thread/WARN]: Skipping BlockEntity with id BRReactorGlass
[15:52:33] [Server thread/WARN]: Skipping BlockEntity with id BRReactorGlass
[15:52:33] [Server thread/WARN]: Skipping BlockEntity with id BRReactorGlass
[15:52:33] [Server thread/WARN]: Skipping BlockEntity with id BRReactorGlass
[15:52:33] [Server thread/WARN]: Skipping BlockEntity with id BRReactorGlass
[15:52:33] [Server thread/WARN]: Skipping BlockEntity with id BRReactorGlass
[15:52:33] [Server thread/WARN]: Skipping BlockEntity with id BRReactorGlass
[15:52:33] [Server thread/WARN]: Skipping BlockEntity with id BRReactorPart
[15:52:33] [Server thread/WARN]: Skipping BlockEntity with id BRReactorPart
[15:52:33] [Server thread/WARN]: Skipping BlockEntity with id BRReactorPart
[15:52:33] [Server thread/WARN]: Skipping BlockEntity with id BRReactorPart
[15:52:33] [Server thread/WARN]: Skipping BlockEntity with id BRReactorPowerTap
[15:52:33] [Server thread/WARN]: Skipping BlockEntity with id BRReactorPart
[15:52:33] [Server thread/WARN]: Skipping BlockEntity with id BRReactorPart
[15:52:33] [Server thread/WARN]: Skipping BlockEntity with id BRReactorPart
[15:52:33] [Server thread/WARN]: Skipping BlockEntity with id BRReactorPart
[15:52:33] [Server thread/WARN]: Skipping BlockEntity with id BRReactorPart
[15:52:33] [Server thread/WARN]: Skipping BlockEntity with id BRReactorGlass
[15:52:33] [Server thread/WARN]: Skipping BlockEntity with id BRReactorGlass
[15:52:33] [Server thread/WARN]: Skipping BlockEntity with id BRReactorGlass
[15:52:33] [Server thread/WARN]: Skipping BlockEntity with id BRReactorGlass
[15:52:33] [Server thread/WARN]: Skipping BlockEntity with id BRReactorGlass
[15:52:33] [Server thread/WARN]: Skipping BlockEntity with id BRReactorGlass
[15:52:33] [Server thread/WARN]: Skipping BlockEntity with id BRReactorGlass
[15:52:33] [Server thread/WARN]: Skipping BlockEntity with id BRReactorGlass
[15:52:33] [Server thread/WARN]: Skipping BlockEntity with id BRReactorGlass
[15:52:33] [Server thread/WARN]: Skipping BlockEntity with id BRReactorGlass
[15:52:33] [Server thread/WARN]: Skipping BlockEntity with id BRReactorGlass
[15:52:33] [Server thread/WARN]: Skipping BlockEntity with id BRReactorGlass
[15:52:33] [Server thread/WARN]: Skipping BlockEntity with id BRReactorGlass
[15:52:33] [Server thread/WARN]: Skipping BlockEntity with id BRReactorPart
[15:52:33] [Server thread/WARN]: Skipping BlockEntity with id BRReactorPart
[15:52:33] [Server thread/WARN]: Skipping BlockEntity with id BRReactorPart
[15:52:33] [Server thread/WARN]: Skipping BlockEntity with id BRReactorPart
[15:52:33] [Server thread/WARN]: Skipping BlockEntity with id BRReactorPart
[15:52:33] [Server thread/WARN]: Skipping BlockEntity with id BRReactorPart
[15:52:33] [Server thread/WARN]: Skipping BlockEntity with id BRReactorPart
[15:52:33] [Server thread/WARN]: Skipping BlockEntity with id BRReactorPart
[15:52:33] [Server thread/WARN]: Skipping BlockEntity with id BRReactorPart
[15:52:33] [Server thread/WARN]: Skipping BlockEntity with id BRReactorPart
[15:52:33] [Server thread/WARN]: Skipping BlockEntity with id BRReactorGlass
[15:52:33] [Server thread/WARN]: Skipping BlockEntity with id BRReactorGlass
[15:52:33] [Server thread/WARN]: Skipping BlockEntity with id BRReactorGlass
[15:52:33] [Server thread/WARN]: Skipping BlockEntity with id BRReactorGlass
[15:52:33] [Server thread/WARN]: Skipping BlockEntity with id BRReactorGlass
[15:52:33] [Server thread/WARN]: Skipping BlockEntity with id BRReactorGlass
[15:52:33] [Server thread/WARN]: Skipping BlockEntity with id BRReactorGlass
[15:52:33] [Server thread/WARN]: Skipping BlockEntity with id BRReactorGlass
[15:52:33] [Server thread/WARN]: Skipping BlockEntity with id BRReactorGlass
[15:52:33] [Server thread/WARN]: Skipping BlockEntity with id BRReactorGlass
[15:52:33] [Server thread/WARN]: Skipping BlockEntity with id BRReactorGlass
[15:52:33] [Server thread/WARN]: Skipping BlockEntity with id BRReactorPart
[15:52:33] [Server thread/WARN]: Skipping BlockEntity with id BRReactorPart
[15:52:33] [Server thread/WARN]: Skipping BlockEntity with id BRReactorPart
[15:52:33] [Server thread/WARN]: Skipping BlockEntity with id BRReactorPart
[15:52:33] [Server thread/WARN]: Skipping BlockEntity with id BRReactorPart
[15:52:33] [Server thread/WARN]: Skipping BlockEntity with id BRReactorPart
[15:52:33] [Server thread/WARN]: Skipping BlockEntity with id BRReactorPart
[15:52:33] [Server thread/WARN]: Skipping BlockEntity with id BRReactorPart
[15:52:33] [Server thread/WARN]: Skipping BlockEntity with id BRReactorPart
[15:52:33] [Server thread/WARN]: Skipping BlockEntity with id BRReactorPart
[15:52:33] [Server thread/WARN]: Skipping BlockEntity with id BRReactorPart
[15:52:33] [Server thread/WARN]: Skipping BlockEntity with id BRReactorPart
[15:52:33] [Server thread/WARN]: Skipping BlockEntity with id BRReactorPart
[15:52:33] [Server thread/WARN]: Skipping BlockEntity with id BRReactorPart
[15:52:33] [Server thread/WARN]: Skipping BlockEntity with id BRReactorPart
[15:52:33] [Server thread/WARN]: Skipping BlockEntity with id BRReactorPart
[15:52:33] [Server thread/WARN]: Skipping BlockEntity with id BRReactorPart
[15:52:33] [Server thread/WARN]: Skipping BlockEntity with id BRReactorPart
[15:52:33] [Server thread/WARN]: Skipping BlockEntity with id BRReactorPart
[15:52:33] [Server thread/WARN]: Skipping BlockEntity with id BRReactorPart
[15:52:33] [Server thread/WARN]: Skipping BlockEntity with id BRReactorPart
[15:52:33] [Server thread/WARN]: Skipping BlockEntity with id BRReactorPart
[15:52:33] [Server thread/WARN]: Skipping BlockEntity with id BRReactorPart
[15:52:33] [Server thread/WARN]: Skipping BlockEntity with id BRReactorPart
[15:52:33] [Server thread/WARN]: Skipping BlockEntity with id BRReactorPart
[15:52:33] [Server thread/WARN]: Skipping BlockEntity with id BlockCableBus
[15:52:33] [Server thread/WARN]: Skipping BlockEntity with id BRReactorPart
[15:52:33] [Server thread/WARN]: Skipping BlockEntity with id BRReactorPart
[15:52:33] [Server thread/WARN]: Skipping BlockEntity with id BRReactorPart
[15:52:33] [Server thread/WARN]: Skipping BlockEntity with id BRReactorPart
[15:52:33] [Server thread/WARN]: Skipping BlockEntity with id BRReactorPart
[15:52:33] [Server thread/WARN]: Skipping BlockEntity with id BRReactorPart
[15:52:33] [Server thread/WARN]: Skipping BlockEntity with id BRReactorPart
[15:52:33] [Server thread/WARN]: Skipping BlockEntity with id BRReactorPart
[15:52:33] [Server thread/WARN]: Skipping BlockEntity with id BRReactorGlass
[15:52:33] [Server thread/WARN]: Skipping BlockEntity with id BRReactorGlass
[15:52:33] [Server thread/WARN]: Skipping BlockEntity with id BRReactorGlass
[15:52:33] [Server thread/WARN]: Skipping BlockEntity with id BRReactorGlass
[15:52:33] [Server thread/WARN]: Skipping BlockEntity with id BRReactorGlass
[15:52:33] [Server thread/WARN]: Skipping BlockEntity with id BRReactorGlass
[15:52:33] [Server thread/WARN]: Skipping BlockEntity with id BRReactorGlass
[15:52:33] [Server thread/WARN]: Skipping BlockEntity with id BRReactorGlass
[15:52:33] [Server thread/WARN]: Skipping BlockEntity with id BRReactorGlass
[15:52:33] [Server thread/WARN]: Skipping BlockEntity with id BRReactorGlass
[15:52:33] [Server thread/WARN]: Skipping BlockEntity with id BRReactorGlass
[15:52:33] [Server thread/WARN]: Skipping BlockEntity with id BRReactorPart
[15:52:33] [Server thread/WARN]: Skipping BlockEntity with id BRReactorPart
[15:52:33] [Server thread/WARN]: Skipping BlockEntity with id BRReactorPart
[15:52:33] [Server thread/WARN]: Skipping BlockEntity with id BRReactorPart
[15:52:33] [Server thread/WARN]: Skipping BlockEntity with id BRFuelRod
[15:52:33] [Server thread/WARN]: Skipping BlockEntity with id BRFuelRod
[15:52:33] [Server thread/WARN]: Skipping BlockEntity with id BRFuelRod
[15:52:33] [Server thread/WARN]: Skipping BlockEntity with id BRFuelRod
[15:52:33] [Server thread/WARN]: Skipping BlockEntity with id BRFuelRod
[15:52:33] [Server thread/WARN]: Skipping BlockEntity with id BRFuelRod
[15:52:33] [Server thread/WARN]: Skipping BlockEntity with id BRFuelRod
[15:52:33] [Server thread/WARN]: Skipping BlockEntity with id BRFuelRod
[15:52:33] [Server thread/WARN]: Skipping BlockEntity with id BRFuelRod
[15:52:33] [Server thread/WARN]: Skipping BlockEntity with id BRFuelRod
[15:52:33] [Server thread/WARN]: Skipping BlockEntity with id BRFuelRod
[15:52:33] [Server thread/WARN]: Skipping BlockEntity with id BRFuelRod
[15:52:33] [Server thread/WARN]: Skipping BlockEntity with id BRFuelRod
[15:52:33] [Server thread/WARN]: Skipping BlockEntity with id BRFuelRod
[15:52:33] [Server thread/WARN]: Skipping BlockEntity with id BRFuelRod
[15:52:33] [Server thread/WARN]: Skipping BlockEntity with id BRFuelRod
[15:52:33] [Server thread/WARN]: Skipping BlockEntity with id BRFuelRod
[15:52:33] [Server thread/WARN]: Skipping BlockEntity with id BRFuelRod
[15:52:33] [Server thread/WARN]: Skipping BlockEntity with id BRFuelRod
[15:52:33] [Server thread/WARN]: Skipping BlockEntity with id BRFuelRod
[15:52:33] [Server thread/WARN]: Skipping BlockEntity with id BRReactorControlRod
[15:52:33] [Server thread/WARN]: Skipping BlockEntity with id BRReactorPart
[15:52:33] [Server thread/WARN]: Skipping BlockEntity with id BRFuelRod
[15:52:33] [Server thread/WARN]: Skipping BlockEntity with id BRFuelRod
[15:52:33] [Server thread/WARN]: Skipping BlockEntity with id BRFuelRod
[15:52:33] [Server thread/WARN]: Skipping BlockEntity with id BRFuelRod
[15:52:33] [Server thread/WARN]: Skipping BlockEntity with id BRFuelRod
[15:52:33] [Server thread/WARN]: Skipping BlockEntity with id BRFuelRod
[15:52:33] [Server thread/WARN]: Skipping BlockEntity with id BRFuelRod
[15:52:33] [Server thread/WARN]: Skipping BlockEntity with id BRFuelRod
[15:52:33] [Server thread/WARN]: Skipping BlockEntity with id BRFuelRod
[15:52:33] [Server thread/WARN]: Skipping BlockEntity with id BRFuelRod
[15:52:33] [Server thread/WARN]: Skipping BlockEntity with id BRFuelRod
[15:52:33] [Server thread/WARN]: Skipping BlockEntity with id BRFuelRod
[15:52:33] [Server thread/WARN]: Skipping BlockEntity with id BRFuelRod
[15:52:33] [Server thread/WARN]: Skipping BlockEntity with id BRFuelRod
[15:52:33] [Server thread/WARN]: Skipping BlockEntity with id BRFuelRod
[15:52:33] [Server thread/WARN]: Skipping BlockEntity with id BRFuelRod
[15:52:33] [Server thread/WARN]: Skipping BlockEntity with id BRFuelRod
[15:52:33] [Server thread/WARN]: Skipping BlockEntity with id BRFuelRod
[15:52:33] [Server thread/WARN]: Skipping BlockEntity with id BRFuelRod
[15:52:33] [Server thread/WARN]: Skipping BlockEntity with id BRFuelRod
[15:52:33] [Server thread/WARN]: Skipping BlockEntity with id BRReactorControlRod
[15:52:33] [Server thread/WARN]: Skipping BlockEntity with id BRReactorPart
[15:52:33] [Server thread/WARN]: Skipping BlockEntity with id BRFuelRod
[15:52:33] [Server thread/WARN]: Skipping BlockEntity with id BRFuelRod
[15:52:33] [Server thread/WARN]: Skipping BlockEntity with id BRFuelRod
[15:52:33] [Server thread/WARN]: Skipping BlockEntity with id BRFuelRod
[15:52:33] [Server thread/WARN]: Skipping BlockEntity with id BRFuelRod
[15:52:33] [Server thread/WARN]: Skipping BlockEntity with id BRFuelRod
[15:52:33] [Server thread/WARN]: Skipping BlockEntity with id BRFuelRod
[15:52:33] [Server thread/WARN]: Skipping BlockEntity with id BRFuelRod
[15:52:33] [Server thread/WARN]: Skipping BlockEntity with id BRFuelRod
[15:52:33] [Server thread/WARN]: Skipping BlockEntity with id BRFuelRod
[15:52:33] [Server thread/WARN]: Skipping BlockEntity with id BRFuelRod
[15:52:33] [Server thread/WARN]: Skipping BlockEntity with id BRFuelRod
[15:52:33] [Server thread/WARN]: Skipping BlockEntity with id BRFuelRod
[15:52:33] [Server thread/WARN]: Skipping BlockEntity with id BRFuelRod
[15:52:33] [Server thread/WARN]: Skipping BlockEntity with id BRFuelRod
[15:52:33] [Server thread/WARN]: Skipping BlockEntity with id BRFuelRod
[15:52:33] [Server thread/WARN]: Skipping BlockEntity with id BRFuelRod
[15:52:33] [Server thread/WARN]: Skipping BlockEntity with id BRFuelRod
[15:52:33] [Server thread/WARN]: Skipping BlockEntity with id BRFuelRod
[15:52:33] [Server thread/WARN]: Skipping BlockEntity with id BRFuelRod
[15:52:33] [Server thread/WARN]: Skipping BlockEntity with id BRReactorControlRod
[15:52:33] [Server thread/WARN]: Skipping BlockEntity with id BRReactorPart
[15:52:33] [Server thread/WARN]: Skipping BlockEntity with id BRReactorPart
[15:52:33] [Server thread/WARN]: Skipping BlockEntity with id BRReactorPart
[15:52:33] [Server thread/WARN]: Skipping BlockEntity with id BRReactorPart
[15:52:33] [Server thread/WARN]: Skipping BlockEntity with id BRReactorPart
[15:52:33] [Server thread/WARN]: Skipping BlockEntity with id BRReactorPart
[15:52:33] [Server thread/WARN]: Skipping BlockEntity with id BRReactorPart
[15:52:33] [Server thread/WARN]: Skipping BlockEntity with id BRReactorPart
[15:52:33] [Server thread/WARN]: Skipping BlockEntity with id BRReactorPart
[15:52:33] [Server thread/WARN]: Skipping BlockEntity with id BRReactorPart
[15:52:33] [Server thread/WARN]: Skipping BlockEntity with id BRReactorPart
[15:52:33] [Server thread/WARN]: Skipping BlockEntity with id BRReactorPart
[15:52:33] [Server thread/WARN]: Skipping BlockEntity with id BRReactorPart
[15:52:33] [Server thread/WARN]: Skipping BlockEntity with id BRReactorPart
[15:52:33] [Server thread/WARN]: Skipping BlockEntity with id BRReactorPart
[15:52:33] [Server thread/WARN]: Skipping BlockEntity with id BRReactorPart
[15:52:33] [Server thread/WARN]: Skipping BlockEntity with id BRReactorPart
[15:52:33] [Server thread/WARN]: Skipping BlockEntity with id BRReactorPart
[15:52:33] [Server thread/WARN]: Skipping BlockEntity with id BRReactorPart
[15:52:33] [Server thread/WARN]: Skipping BlockEntity with id BRReactorPart
[15:52:33] [Server thread/WARN]: Skipping BlockEntity with id BRReactorPart
[15:52:33] [Server thread/WARN]: Skipping BlockEntity with id BRReactorPart
[15:52:33] [Server thread/WARN]: Skipping BlockEntity with id TileNPCTallLamp
[15:52:33] [Server thread/WARN]: Skipping BlockEntity with id thermaldynamics.FluxDuct
[15:52:33] [Server thread/WARN]: Skipping BlockEntity with id thermaldynamics.FluxDuct
[15:52:33] [Server thread/WARN]: Skipping BlockEntity with id thermaldynamics.FluxDuct
[15:52:33] [Server thread/WARN]: Skipping BlockEntity with id thermaldynamics.FluxDuct
[15:52:33] [Server thread/WARN]: Skipping BlockEntity with id thermaldynamics.FluxDuct
[15:52:33] [Server thread/WARN]: Skipping BlockEntity with id BlockCableBus
[15:52:33] [Server thread/WARN]: Skipping BlockEntity with id thermaldynamics.FluxDuct
[15:52:33] [Server thread/WARN]: Skipping BlockEntity with id BRReactorPart
[15:52:33] [Server thread/WARN]: Skipping BlockEntity with id BRReactorPart
[15:52:33] [Server thread/WARN]: Skipping BlockEntity with id BRReactorPart
[15:52:33] [Server thread/WARN]: Skipping BlockEntity with id BRReactorPart
[15:52:33] [Server thread/WARN]: Skipping BlockEntity with id BRReactorPowerTap
[15:52:33] [Server thread/WARN]: Skipping BlockEntity with id BRReactorPart
[15:52:33] [Server thread/WARN]: Skipping BlockEntity with id BRReactorPart
[15:52:33] [Server thread/WARN]: Skipping BlockEntity with id BRReactorGlass
[15:52:33] [Server thread/WARN]: Skipping BlockEntity with id BRReactorGlass
[15:52:33] [Server thread/WARN]: Skipping BlockEntity with id BRReactorGlass
[15:52:33] [Server thread/WARN]: Skipping BlockEntity with id BRReactorGlass
[15:52:33] [Server thread/WARN]: Skipping BlockEntity with id BRReactorGlass
[15:52:33] [Server thread/WARN]: Skipping BlockEntity with id BRReactorGlass
[15:52:33] [Server thread/WARN]: Skipping BlockEntity with id BRReactorGlass
[15:52:33] [Server thread/WARN]: Skipping BlockEntity with id BRReactorGlass
[15:52:33] [Server thread/WARN]: Skipping BlockEntity with id BRReactorGlass
[15:52:33] [Server thread/WARN]: Skipping BlockEntity with id BRReactorGlass
[15:52:33] [Server thread/WARN]: Skipping BlockEntity with id BRReactorGlass
[15:52:33] [Server thread/WARN]: Skipping BlockEntity with id BRReactorGlass
[15:52:33] [Server thread/WARN]: Skipping BlockEntity with id BRReactorGlass
[15:52:33] [Server thread/WARN]: Skipping BlockEntity with id BRReactorPart
[15:52:33] [Server thread/WARN]: Skipping BlockEntity with id BRReactorPart
[15:52:33] [Server thread/WARN]: Skipping BlockEntity with id BRReactorPart
[15:52:33] [Server thread/WARN]: Skipping BlockEntity with id BRFuelRod
[15:52:33] [Server thread/WARN]: Skipping BlockEntity with id BRFuelRod
[15:52:33] [Server thread/WARN]: Skipping BlockEntity with id BRFuelRod
[15:52:33] [Server thread/WARN]: Skipping BlockEntity with id BRFuelRod
[15:52:33] [Server thread/WARN]: Skipping BlockEntity with id BRFuelRod
[15:52:33] [Server thread/WARN]: Skipping BlockEntity with id BRFuelRod
[15:52:33] [Server thread/WARN]: Skipping BlockEntity with id BRFuelRod
[15:52:33] [Server thread/WARN]: Skipping BlockEntity with id BRFuelRod
[15:52:33] [Server thread/WARN]: Skipping BlockEntity with id BRFuelRod
[15:52:33] [Server thread/WARN]: Skipping BlockEntity with id BRFuelRod
[15:52:33] [Server thread/WARN]: Skipping BlockEntity with id BRFuelRod
[15:52:33] [Server thread/WARN]: Skipping BlockEntity with id BRFuelRod
[15:52:33] [Server thread/WARN]: Skipping BlockEntity with id BRFuelRod
[15:52:33] [Server thread/WARN]: Skipping BlockEntity with id BRFuelRod
[15:52:33] [Server thread/WARN]: Skipping BlockEntity with id BRFuelRod
[15:52:33] [Server thread/WARN]: Skipping BlockEntity with id BRFuelRod
[15:52:33] [Server thread/WARN]: Skipping BlockEntity with id BRFuelRod
[15:52:33] [Server thread/WARN]: Skipping BlockEntity with id BRFuelRod
[15:52:33] [Server thread/WARN]: Skipping BlockEntity with id BRFuelRod
[15:52:33] [Server thread/WARN]: Skipping BlockEntity with id BRFuelRod
[15:52:33] [Server thread/WARN]: Skipping BlockEntity with id BRReactorControlRod
[15:52:33] [Server thread/WARN]: Skipping BlockEntity with id BRReactorPart
[15:52:33] [Server thread/WARN]: Skipping BlockEntity with id BRReactorPart
[15:52:33] [Server thread/WARN]: Skipping BlockEntity with id BRReactorPart
[15:52:33] [Server thread/WARN]: Skipping BlockEntity with id BRFuelRod
[15:52:33] [Server thread/WARN]: Skipping BlockEntity with id BRFuelRod
[15:52:33] [Server thread/WARN]: Skipping BlockEntity with id BRFuelRod
[15:52:33] [Server thread/WARN]: Skipping BlockEntity with id BRFuelRod
[15:52:33] [Server thread/WARN]: Skipping BlockEntity with id BRFuelRod
[15:52:33] [Server thread/WARN]: Skipping BlockEntity with id BRFuelRod
[15:52:33] [Server thread/WARN]: Skipping BlockEntity with id BRFuelRod
[15:52:33] [Server thread/WARN]: Skipping BlockEntity with id BRFuelRod
[15:52:33] [Server thread/WARN]: Skipping BlockEntity with id BRFuelRod
[15:52:33] [Server thread/WARN]: Skipping BlockEntity with id BRFuelRod
[15:52:33] [Server thread/WARN]: Skipping BlockEntity with id BRFuelRod
[15:52:33] [Server thread/WARN]: Skipping BlockEntity with id BRFuelRod
[15:52:33] [Server thread/WARN]: Skipping BlockEntity with id BRFuelRod
[15:52:33] [Server thread/WARN]: Skipping BlockEntity with id BRFuelRod
[15:52:33] [Server thread/WARN]: Skipping BlockEntity with id BRFuelRod
[15:52:33] [Server thread/WARN]: Skipping BlockEntity with id BRFuelRod
[15:52:33] [Server thread/WARN]: Skipping BlockEntity with id BRFuelRod
[15:52:33] [Server thread/WARN]: Skipping BlockEntity with id BRFuelRod
[15:52:33] [Server thread/WARN]: Skipping BlockEntity with id BRFuelRod
[15:52:33] [Server thread/WARN]: Skipping BlockEntity with id BRFuelRod
[15:52:33] [Server thread/WARN]: Skipping BlockEntity with id BRReactorControlRod
[15:52:33] [Server thread/WARN]: Skipping BlockEntity with id BRReactorPart
[15:52:33] [Server thread/WARN]: Skipping BlockEntity with id BRReactorPart
[15:52:33] [Server thread/WARN]: Skipping BlockEntity with id BRReactorPart
[15:52:33] [Server thread/WARN]: Skipping BlockEntity with id BRReactorPart
[15:52:33] [Server thread/WARN]: Skipping BlockEntity with id BRReactorPart
[15:52:33] [Server thread/WARN]: Skipping BlockEntity with id BRReactorPart
[15:52:33] [Server thread/WARN]: Skipping BlockEntity with id BRReactorPart
[15:52:33] [Server thread/WARN]: Skipping BlockEntity with id BRReactorGlass
[15:52:33] [Server thread/WARN]: Skipping BlockEntity with id BRReactorGlass
[15:52:33] [Server thread/WARN]: Skipping BlockEntity with id BRReactorPart
[15:52:33] [Server thread/WARN]: Skipping BlockEntity with id BRReactorPart
[15:52:33] [Server thread/WARN]: Skipping BlockEntity with id BRReactorPart
[15:52:33] [Server thread/WARN]: Skipping BlockEntity with id BRReactorPart
[15:52:33] [Server thread/WARN]: Skipping BlockEntity with id BRReactorPart
[15:52:33] [Server thread/WARN]: Skipping BlockEntity with id BRReactorPart
[15:52:33] [Server thread/WARN]: Skipping BlockEntity with id BRReactorPart
[15:52:33] [Server thread/WARN]: Skipping BlockEntity with id BRReactorPart
[15:52:33] [Server thread/WARN]: Skipping BlockEntity with id BRReactorPart
[15:52:33] [Server thread/WARN]: Skipping BlockEntity with id BRReactorPart
[15:52:33] [Server thread/WARN]: Skipping BlockEntity with id BRReactorPart
[15:52:33] [Server thread/WARN]: Skipping BlockEntity with id BRReactorPart
[15:52:33] [Server thread/WARN]: Skipping BlockEntity with id BRReactorPart
[15:52:33] [Server thread/WARN]: Skipping BlockEntity with id cofh.thermalexpansion.PlateTranslocate
[15:52:33] [Server thread/WARN]: Skipping BlockEntity with id cofh.thermalexpansion.PlateTranslocate
[15:52:33] [Server thread/WARN]: Skipping BlockEntity with id cofh.thermalexpansion.PlateTranslocate
[15:52:33] [Server thread/WARN]: Skipping BlockEntity with id cofh.thermalexpansion.PlateTranslocate
[15:52:33] [Server thread/WARN]: Skipping BlockEntity with id thermaldynamics.FluxDuct
[15:52:33] [Server thread/WARN]: Skipping BlockEntity with id thermalexpansion.Pulverizer
[15:52:33] [Server thread/WARN]: Skipping BlockEntity with id thermaldynamics.FluxDuct
[15:52:33] [Server thread/WARN]: Skipping BlockEntity with id BlockCableBus
[15:52:33] [Server thread/WARN]: Skipping BlockEntity with id BRReactorPart
[15:52:33] [Server thread/WARN]: Skipping BlockEntity with id BRReactorPart
[15:52:33] [Server thread/WARN]: Skipping BlockEntity with id BRReactorPart
[15:52:33] [Server thread/WARN]: Skipping BlockEntity with id BRReactorPart
[15:52:33] [Server thread/WARN]: Skipping BlockEntity with id BRReactorPart
[15:52:33] [Server thread/WARN]: Skipping BlockEntity with id BRReactorPart
[15:52:33] [Server thread/WARN]: Skipping BlockEntity with id BRReactorPart
[15:52:33] [Server thread/WARN]: Skipping BlockEntity with id BRReactorPart
[15:52:33] [Server thread/WARN]: Skipping BlockEntity with id BRReactorGlass
[15:52:33] [Server thread/WARN]: Skipping BlockEntity with id BRReactorGlass
[15:52:33] [Server thread/WARN]: Skipping BlockEntity with id BRReactorGlass
[15:52:33] [Server thread/WARN]: Skipping BlockEntity with id BRReactorGlass
[15:52:33] [Server thread/WARN]: Skipping BlockEntity with id BRReactorGlass
[15:52:33] [Server thread/WARN]: Skipping BlockEntity with id BRReactorGlass
[15:52:33] [Server thread/WARN]: Skipping BlockEntity with id BRReactorGlass
[15:52:33] [Server thread/WARN]: Skipping BlockEntity with id BRReactorGlass
[15:52:33] [Server thread/WARN]: Skipping BlockEntity with id BRReactorGlass
[15:52:33] [Server thread/WARN]: Skipping BlockEntity with id BRReactorGlass
[15:52:33] [Server thread/WARN]: Skipping BlockEntity with id BRReactorGlass
[15:52:33] [Server thread/WARN]: Skipping BlockEntity with id BRReactorPart
[15:52:33] [Server thread/WARN]: Skipping BlockEntity with id BRReactorPart
[15:52:33] [Server thread/WARN]: Skipping BlockEntity with id BRReactorPart
[15:52:33] [Server thread/WARN]: Skipping BlockEntity with id BRReactorPart
[15:52:33] [Server thread/WARN]: Skipping BlockEntity with id BRFuelRod
[15:52:33] [Server thread/WARN]: Skipping BlockEntity with id BRFuelRod
[15:52:33] [Server thread/WARN]: Skipping BlockEntity with id BRFuelRod
[15:52:33] [Server thread/WARN]: Skipping BlockEntity with id BRFuelRod
[15:52:33] [Server thread/WARN]: Skipping BlockEntity with id BRFuelRod
[15:52:33] [Server thread/WARN]: Skipping BlockEntity with id BRFuelRod
[15:52:33] [Server thread/WARN]: Skipping BlockEntity with id BRFuelRod
[15:52:33] [Server thread/WARN]: Skipping BlockEntity with id BRFuelRod
[15:52:33] [Server thread/WARN]: Skipping BlockEntity with id BRFuelRod
[15:52:33] [Server thread/WARN]: Skipping BlockEntity with id BRFuelRod
[15:52:33] [Server thread/WARN]: Skipping BlockEntity with id BRFuelRod
[15:52:33] [Server thread/WARN]: Skipping BlockEntity with id BRFuelRod
[15:52:33] [Server thread/WARN]: Skipping BlockEntity with id BRFuelRod
[15:52:33] [Server thread/WARN]: Skipping BlockEntity with id BRFuelRod
[15:52:33] [Server thread/WARN]: Skipping BlockEntity with id BRFuelRod
[15:52:33] [Server thread/WARN]: Skipping BlockEntity with id BRFuelRod
[15:52:33] [Server thread/WARN]: Skipping BlockEntity with id BRFuelRod
[15:52:33] [Server thread/WARN]: Skipping BlockEntity with id BRFuelRod
[15:52:33] [Server thread/WARN]: Skipping BlockEntity with id BRFuelRod
[15:52:33] [Server thread/WARN]: Skipping BlockEntity with id BRFuelRod
[15:52:33] [Server thread/WARN]: Skipping BlockEntity with id BRReactorControlRod
[15:52:33] [Server thread/WARN]: Skipping BlockEntity with id BRReactorPart
[15:52:33] [Server thread/WARN]: Skipping BlockEntity with id BRFuelRod
[15:52:33] [Server thread/WARN]: Skipping BlockEntity with id BRFuelRod
[15:52:33] [Server thread/WARN]: Skipping BlockEntity with id BRFuelRod
[15:52:33] [Server thread/WARN]: Skipping BlockEntity with id BRFuelRod
[15:52:33] [Server thread/WARN]: Skipping BlockEntity with id BRFuelRod
[15:52:33] [Server thread/WARN]: Skipping BlockEntity with id BRFuelRod
[15:52:33] [Server thread/WARN]: Skipping BlockEntity with id BRFuelRod
[15:52:33] [Server thread/WARN]: Skipping BlockEntity with id BRFuelRod
[15:52:33] [Server thread/WARN]: Skipping BlockEntity with id BRFuelRod
[15:52:33] [Server thread/WARN]: Skipping BlockEntity with id BRFuelRod
[15:52:33] [Server thread/WARN]: Skipping BlockEntity with id BRFuelRod
[15:52:33] [Server thread/WARN]: Skipping BlockEntity with id BRFuelRod
[15:52:33] [Server thread/WARN]: Skipping BlockEntity with id BRFuelRod
[15:52:33] [Server thread/WARN]: Skipping BlockEntity with id BRFuelRod
[15:52:33] [Server thread/WARN]: Skipping BlockEntity with id BRFuelRod
[15:52:33] [Server thread/WARN]: Skipping BlockEntity with id BRFuelRod
[15:52:33] [Server thread/WARN]: Skipping BlockEntity with id BRFuelRod
[15:52:33] [Server thread/WARN]: Skipping BlockEntity with id BRFuelRod
[15:52:33] [Server thread/WARN]: Skipping BlockEntity with id BRFuelRod
[15:52:33] [Server thread/WARN]: Skipping BlockEntity with id BRFuelRod
[15:52:33] [Server thread/WARN]: Skipping BlockEntity with id BRReactorControlRod
[15:52:33] [Server thread/WARN]: Skipping BlockEntity with id BRReactorPart
[15:52:33] [Server thread/WARN]: Skipping BlockEntity with id BRFuelRod
[15:52:33] [Server thread/WARN]: Skipping BlockEntity with id BRFuelRod
[15:52:33] [Server thread/WARN]: Skipping BlockEntity with id BRFuelRod
[15:52:33] [Server thread/WARN]: Skipping BlockEntity with id BRFuelRod
[15:52:33] [Server thread/WARN]: Skipping BlockEntity with id BRFuelRod
[15:52:33] [Server thread/WARN]: Skipping BlockEntity with id BRFuelRod
[15:52:33] [Server thread/WARN]: Skipping BlockEntity with id BRFuelRod
[15:52:33] [Server thread/WARN]: Skipping BlockEntity with id BRFuelRod
[15:52:33] [Server thread/WARN]: Skipping BlockEntity with id BRFuelRod
[15:52:33] [Server thread/WARN]: Skipping BlockEntity with id BRFuelRod
[15:52:33] [Server thread/WARN]: Skipping BlockEntity with id BRFuelRod
[15:52:33] [Server thread/WARN]: Skipping BlockEntity with id BRFuelRod
[15:52:33] [Server thread/WARN]: Skipping BlockEntity with id BRFuelRod
[15:52:33] [Server thread/WARN]: Skipping BlockEntity with id BRFuelRod
[15:52:33] [Server thread/WARN]: Skipping BlockEntity with id BRFuelRod
[15:52:33] [Server thread/WARN]: Skipping BlockEntity with id BRFuelRod
[15:52:33] [Server thread/WARN]: Skipping BlockEntity with id BRFuelRod
[15:52:33] [Server thread/WARN]: Skipping BlockEntity with id BRFuelRod
[15:52:33] [Server thread/WARN]: Skipping BlockEntity with id BRFuelRod
[15:52:33] [Server thread/WARN]: Skipping BlockEntity with id BRFuelRod
[15:52:33] [Server thread/WARN]: Skipping BlockEntity with id BRReactorControlRod
[15:52:33] [Server thread/WARN]: Skipping BlockEntity with id BRReactorPart
[15:52:33] [Server thread/WARN]: Skipping BlockEntity with id BRReactorPart
[15:52:33] [Server thread/WARN]: Skipping BlockEntity with id BRReactorPart
[15:52:33] [Server thread/WARN]: Skipping BlockEntity with id BRReactorPart
[15:52:33] [Server thread/WARN]: Skipping BlockEntity with id BRReactorPart
[15:52:33] [Server thread/WARN]: Skipping BlockEntity with id BRReactorPart
[15:52:33] [Server thread/WARN]: Skipping BlockEntity with id BRReactorAccessPort
[15:52:33] [Server thread/WARN]: Skipping BlockEntity with id BRReactorGlass
[15:52:33] [Server thread/WARN]: Skipping BlockEntity with id BRReactorGlass
[15:52:33] [Server thread/WARN]: Skipping BlockEntity with id BRReactorPart
[15:52:33] [Server thread/WARN]: Skipping BlockEntity with id BRReactorPart
[15:52:33] [Server thread/WARN]: Skipping BlockEntity with id BRReactorPart
[15:52:33] [Server thread/WARN]: Skipping BlockEntity with id BRReactorPart
[15:52:33] [Server thread/WARN]: Skipping BlockEntity with id BRReactorPart
[15:52:33] [Server thread/WARN]: Skipping BlockEntity with id BRReactorPart
[15:52:33] [Server thread/WARN]: Skipping BlockEntity with id BRReactorPart
[15:52:33] [Server thread/WARN]: Skipping BlockEntity with id BRReactorPart
[15:52:33] [Server thread/WARN]: Skipping BlockEntity with id BRReactorPart
[15:52:33] [Server thread/WARN]: Skipping BlockEntity with id BRReactorPart
[15:52:33] [Server thread/WARN]: Skipping BlockEntity with id BRReactorPart
[15:52:33] [Server thread/WARN]: Skipping BlockEntity with id BRReactorPart
[15:52:33] [Server thread/WARN]: Skipping BlockEntity with id BRReactorPart
[15:52:33] [Server thread/WARN]: Skipping BlockEntity with id thermalexpansion.Light
[15:52:33] [Server thread/WARN]: Skipping BlockEntity with id thermalexpansion.Light
[15:52:33] [Server thread/WARN]: Skipping BlockEntity with id thermalexpansion.Light
[15:52:33] [Server thread/WARN]: Skipping BlockEntity with id thermalexpansion.Light
[15:52:33] [Server thread/WARN]: Skipping BlockEntity with id thermaldynamics.FluxDuct
[15:52:33] [Server thread/WARN]: Skipping BlockEntity with id thermalexpansion.Smelter
[15:52:33] [Server thread/WARN]: Skipping BlockEntity with id BlockCableBus
[15:52:33] [Server thread/WARN]: Skipping BlockEntity with id BRReactorPart
[15:52:33] [Server thread/WARN]: Skipping BlockEntity with id BRReactorPart
[15:52:33] [Server thread/WARN]: Skipping BlockEntity with id BRReactorPart
[15:52:33] [Server thread/WARN]: Skipping BlockEntity with id BRReactorPart
[15:52:33] [Server thread/WARN]: Skipping BlockEntity with id BRReactorPart
[15:52:33] [Server thread/WARN]: Skipping BlockEntity with id BRReactorPart
[15:52:33] [Server thread/WARN]: Skipping BlockEntity with id BRReactorPart
[15:52:33] [Server thread/WARN]: Skipping BlockEntity with id BRReactorPart
[15:52:33] [Server thread/WARN]: Skipping BlockEntity with id BRReactorPart
[15:52:33] [Server thread/WARN]: Skipping BlockEntity with id BRReactorPart
[15:52:33] [Server thread/WARN]: Skipping BlockEntity with id BRReactorPart
[15:52:33] [Server thread/WARN]: Skipping BlockEntity with id BRReactorPart
[15:52:33] [Server thread/WARN]: Skipping BlockEntity with id BRReactorPart
[15:52:33] [Server thread/WARN]: Skipping BlockEntity with id BRReactorPart
[15:52:33] [Server thread/WARN]: Skipping BlockEntity with id BRReactorPart
[15:52:33] [Server thread/WARN]: Skipping BlockEntity with id BRReactorPart
[15:52:33] [Server thread/WARN]: Skipping BlockEntity with id BRReactorPart
[15:52:33] [Server thread/WARN]: Skipping BlockEntity with id BRReactorPart
[15:52:33] [Server thread/WARN]: Skipping BlockEntity with id BRReactorPart
[15:52:33] [Server thread/WARN]: Skipping BlockEntity with id BRReactorPart
[15:52:33] [Server thread/WARN]: Skipping BlockEntity with id BRReactorPart
[15:52:33] [Server thread/WARN]: Skipping BlockEntity with id BRReactorPart
[15:52:33] [Server thread/WARN]: Skipping BlockEntity with id BRReactorPart
[15:52:33] [Server thread/WARN]: Skipping BlockEntity with id BRReactorPart
[15:52:33] [Server thread/WARN]: Skipping BlockEntity with id BRReactorPart
[15:52:33] [Server thread/WARN]: Skipping BlockEntity with id BRReactorPart
[15:52:33] [Server thread/WARN]: Skipping BlockEntity with id BRReactorPart
[15:52:33] [Server thread/WARN]: Skipping BlockEntity with id BRReactorPart
[15:52:33] [Server thread/WARN]: Skipping BlockEntity with id BRReactorPart
[15:52:33] [Server thread/WARN]: Skipping BlockEntity with id BRReactorPart
[15:52:33] [Server thread/WARN]: Skipping BlockEntity with id BRReactorPart
[15:52:33] [Server thread/WARN]: Skipping BlockEntity with id BRReactorPart
[15:52:33] [Server thread/WARN]: Skipping BlockEntity with id BRReactorPart
[15:52:33] [Server thread/WARN]: Skipping BlockEntity with id BRReactorPart
[15:52:33] [Server thread/WARN]: Skipping BlockEntity with id BRReactorPart
[15:52:33] [Server thread/WARN]: Skipping BlockEntity with id BRReactorPart
[15:52:33] [Server thread/WARN]: Skipping BlockEntity with id BRReactorPart
[15:52:33] [Server thread/WARN]: Skipping BlockEntity with id BRReactorPart
[15:52:33] [Server thread/WARN]: Skipping BlockEntity with id BRReactorPart
[15:52:33] [Server thread/WARN]: Skipping BlockEntity with id BRReactorPart
[15:52:33] [Server thread/WARN]: Skipping BlockEntity with id BRReactorPart
[15:52:33] [Server thread/WARN]: Skipping BlockEntity with id BRReactorPart
[15:52:33] [Server thread/WARN]: Skipping BlockEntity with id BRReactorPart
[15:52:33] [Server thread/WARN]: Skipping BlockEntity with id BRReactorPart
[15:52:33] [Server thread/WARN]: Skipping BlockEntity with id BRReactorPart
[15:52:33] [Server thread/WARN]: Skipping BlockEntity with id BRReactorPart
[15:52:33] [Server thread/WARN]: Skipping BlockEntity with id BRReactorPart
[15:52:33] [Server thread/WARN]: Skipping BlockEntity with id BRReactorPart
[15:52:33] [Server thread/WARN]: Skipping BlockEntity with id BRReactorPart
[15:52:33] [Server thread/WARN]: Skipping BlockEntity with id BRReactorPart
[15:52:33] [Server thread/WARN]: Skipping BlockEntity with id BRReactorPart
[15:52:33] [Server thread/WARN]: Skipping BlockEntity with id BRReactorGlass
[15:52:33] [Server thread/WARN]: Skipping BlockEntity with id BRReactorGlass
[15:52:33] [Server thread/WARN]: Skipping BlockEntity with id BRReactorPart
[15:52:33] [Server thread/WARN]: Skipping BlockEntity with id BRReactorPart
[15:52:33] [Server thread/WARN]: Skipping BlockEntity with id BRReactorPart
[15:52:33] [Server thread/WARN]: Skipping BlockEntity with id BRReactorPart
[15:52:33] [Server thread/WARN]: Skipping BlockEntity with id BRReactorPart
[15:52:33] [Server thread/WARN]: Skipping BlockEntity with id BRReactorPart
[15:52:33] [Server thread/WARN]: Skipping BlockEntity with id BRReactorPart
[15:52:33] [Server thread/WARN]: Skipping BlockEntity with id BRReactorPart
[15:52:33] [Server thread/WARN]: Skipping BlockEntity with id BRReactorPart
[15:52:33] [Server thread/WARN]: Skipping BlockEntity with id BRReactorPart
[15:52:33] [Server thread/WARN]: Skipping BlockEntity with id BRReactorPart
[15:52:33] [Server thread/WARN]: Skipping BlockEntity with id BRReactorPart
[15:52:33] [Server thread/WARN]: Skipping BlockEntity with id BRReactorPart
[15:52:33] [Server thread/WARN]: Skipping BlockEntity with id BRReactorPart
[15:52:33] [Server thread/WARN]: Skipping BlockEntity with id BRReactorPart
[15:52:33] [Server thread/WARN]: Skipping BlockEntity with id BRReactorPart
[15:52:33] [Server thread/WARN]: Skipping BlockEntity with id BRReactorPowerTap
[15:52:33] [Server thread/WARN]: Skipping BlockEntity with id BRReactorPart
[15:52:33] [Server thread/WARN]: Skipping BlockEntity with id BRReactorPart
[15:52:33] [Server thread/WARN]: Skipping BlockEntity with id BRReactorPart
[15:52:33] [Server thread/WARN]: Skipping BlockEntity with id BRReactorGlass
[15:52:33] [Server thread/WARN]: Skipping BlockEntity with id BRReactorGlass
[15:52:33] [Server thread/WARN]: Skipping BlockEntity with id BRReactorPart
[15:52:33] [Server thread/WARN]: Skipping BlockEntity with id BRReactorPart
[15:52:33] [Server thread/WARN]: Skipping BlockEntity with id BRReactorPart
[15:52:33] [Server thread/WARN]: Skipping BlockEntity with id BRReactorPart
[15:52:33] [Server thread/WARN]: Skipping BlockEntity with id BRReactorPart
[15:52:33] [Server thread/WARN]: Skipping BlockEntity with id BRReactorPart
[15:52:33] [Server thread/WARN]: Skipping BlockEntity with id BRReactorPart
[15:52:33] [Server thread/WARN]: Skipping BlockEntity with id BRReactorPart
[15:52:33] [Server thread/WARN]: Skipping BlockEntity with id BRReactorPart
[15:52:33] [Server thread/WARN]: Skipping BlockEntity with id BRReactorPart
[15:52:33] [Server thread/WARN]: Skipping BlockEntity with id BRReactorPart
[15:52:33] [Server thread/WARN]: Skipping BlockEntity with id BRReactorPart
[15:52:33] [Server thread/WARN]: Skipping BlockEntity with id BRReactorPart
[15:52:33] [Server thread/WARN]: Skipping BlockEntity with id BRReactorPart
[15:52:33] [Server thread/WARN]: Skipping BlockEntity with id BRReactorPart
[15:52:33] [Server thread/WARN]: Skipping BlockEntity with id BRReactorPart
[15:52:33] [Server thread/WARN]: Skipping BlockEntity with id BRReactorPart
[15:52:33] [Server thread/WARN]: Skipping BlockEntity with id BRReactorPart
[15:52:33] [Server thread/WARN]: Skipping BlockEntity with id BRReactorPart
[15:52:33] [Server thread/WARN]: Skipping BlockEntity with id BRReactorPart
[15:52:33] [Server thread/WARN]: Skipping BlockEntity with id BRReactorPart
[15:52:33] [Server thread/WARN]: Skipping BlockEntity with id BRReactorPart
[15:52:33] [Server thread/WARN]: Skipping BlockEntity with id BRReactorPart
[15:52:33] [Server thread/WARN]: Skipping BlockEntity with id BRReactorPart
[15:52:33] [Server thread/WARN]: Skipping BlockEntity with id BRReactorPart
[15:52:33] [Server thread/WARN]: Skipping BlockEntity with id BRReactorPart
[15:52:33] [Server thread/WARN]: Skipping BlockEntity with id BRReactorPart
[15:52:33] [Server thread/WARN]: Skipping BlockEntity with id BRReactorPart
[15:52:33] [Server thread/WARN]: Skipping BlockEntity with id BRReactorPart
[15:52:33] [Server thread/WARN]: Skipping BlockEntity with id BRReactorPart
[15:52:33] [Server thread/WARN]: Skipping BlockEntity with id BRReactorPart
[15:52:33] [Server thread/WARN]: Skipping BlockEntity with id BRReactorPart
[15:52:33] [Server thread/WARN]: Skipping BlockEntity with id BRReactorPart
[15:52:33] [Server thread/WARN]: Skipping BlockEntity with id BRReactorPart
[15:52:33] [Server thread/WARN]: Skipping BlockEntity with id BRReactorPart
[15:52:33] [Server thread/WARN]: Skipping BlockEntity with id BookcaseTile
[15:52:33] [Server thread/WARN]: Skipping BlockEntity with id LanternTile
[15:52:33] [Server thread/WARN]: Skipping BlockEntity with id BlockCableBus
[15:52:33] [Server thread/WARN]: Skipping BlockEntity with id BlockCableBus
[15:52:33] [Server thread/WARN]: Skipping BlockEntity with id BlockDrive
[15:52:33] [Server thread/WARN]: Skipping BlockEntity with id BlockCableBus
[15:52:33] [Server thread/WARN]: Skipping BlockEntity with id BlockEnergyAcceptor
[15:52:33] [Server thread/WARN]: Skipping BlockEntity with id thermaldynamics.FluxDuct
[15:52:33] [Server thread/WARN]: Skipping BlockEntity with id TileNPCChair
[15:52:33] [Server thread/WARN]: Skipping BlockEntity with id BlockCableBus
[15:52:33] [Server thread/WARN]: Skipping BlockEntity with id BlockCableBus
[15:52:33] [Server thread/WARN]: Skipping BlockEntity with id CastingBasin
[15:52:33] [Server thread/WARN]: Skipping BlockEntity with id thermaldynamics.FluidDuct
[15:52:33] [Server thread/WARN]: Skipping BlockEntity with id thermaldynamics.FluidDuct
[15:52:33] [Server thread/WARN]: Skipping BlockEntity with id thermaldynamics.FluidDuct
[15:52:33] [Server thread/WARN]: Skipping BlockEntity with id TileEntityRainMuffler
[15:52:33] [Server thread/WARN]: Skipping BlockEntity with id BlockCableBus
[15:52:33] [Server thread/WARN]: Skipping BlockEntity with id TConstruct.Servants
[15:52:33] [Server thread/WARN]: Skipping BlockEntity with id TConstruct.Servants
[15:52:33] [Server thread/WARN]: Skipping BlockEntity with id TConstruct.Servants
[15:52:33] [Server thread/WARN]: Skipping BlockEntity with id TConstruct.Servants
[15:52:33] [Server thread/WARN]: Skipping BlockEntity with id TConstruct.Servants
[15:52:33] [Server thread/WARN]: Skipping BlockEntity with id TConstruct.Servants
[15:52:33] [Server thread/WARN]: Skipping BlockEntity with id TConstruct.Servants
[15:52:33] [Server thread/WARN]: Skipping BlockEntity with id TConstruct.Servants
[15:52:33] [Server thread/WARN]: Skipping BlockEntity with id TConstruct.Servants
[15:52:33] [Server thread/WARN]: Skipping BlockEntity with id TConstruct.Servants
[15:52:33] [Server thread/WARN]: Skipping BlockEntity with id TConstruct.Servants
[15:52:33] [Server thread/WARN]: Skipping BlockEntity with id TConstruct.Servants
[15:52:33] [Server thread/WARN]: Skipping BlockEntity with id TConstruct.Servants
[15:52:33] [Server thread/WARN]: Skipping BlockEntity with id TConstruct.Servants
[15:52:33] [Server thread/WARN]: Skipping BlockEntity with id BlockCableBus
[15:52:33] [Server thread/WARN]: Skipping BlockEntity with id TConstruct.Servants
[15:52:33] [Server thread/WARN]: Skipping BlockEntity with id TConstruct.Servants
[15:52:33] [Server thread/WARN]: Skipping BlockEntity with id TConstruct.Servants
[15:52:33] [Server thread/WARN]: Skipping BlockEntity with id TConstruct.Servants
[15:52:33] [Server thread/WARN]: Skipping BlockEntity with id TConstruct.Servants
[15:52:33] [Server thread/WARN]: Skipping BlockEntity with id TConstruct.Servants
[15:52:33] [Server thread/WARN]: Skipping BlockEntity with id TConstruct.Servants
[15:52:33] [Server thread/WARN]: Skipping BlockEntity with id TConstruct.Servants
[15:52:33] [Server thread/WARN]: Skipping BlockEntity with id TConstruct.Servants
[15:52:33] [Server thread/WARN]: Skipping BlockEntity with id TConstruct.Servants
[15:52:33] [Server thread/WARN]: Skipping BlockEntity with id TConstruct.LavaTank
[15:52:33] [Server thread/WARN]: Skipping BlockEntity with id TConstruct.LavaTank
[15:52:33] [Server thread/WARN]: Skipping BlockEntity with id TConstruct.LavaTank
[15:52:33] [Server thread/WARN]: Skipping BlockEntity with id TConstruct.LavaTank
[15:52:33] [Server thread/WARN]: Skipping BlockEntity with id BlockController
[15:52:33] [Server thread/WARN]: Skipping BlockEntity with id TConstruct.Servants
[15:52:33] [Server thread/WARN]: Skipping BlockEntity with id TConstruct.LavaTank
[15:52:33] [Server thread/WARN]: Skipping BlockEntity with id TConstruct.LavaTank
[15:52:33] [Server thread/WARN]: Skipping BlockEntity with id TConstruct.SmelteryDrain
[15:52:33] [Server thread/WARN]: Skipping BlockEntity with id TConstruct.Servants
[15:52:33] [Server thread/WARN]: Skipping BlockEntity with id TConstruct.LavaTank
[15:52:33] [Server thread/WARN]: Skipping BlockEntity with id TConstruct.LavaTank
[15:52:33] [Server thread/WARN]: Skipping BlockEntity with id TConstruct.LavaTank
[15:52:33] [Server thread/WARN]: Skipping BlockEntity with id TConstruct.LavaTank
[15:52:33] [Server thread/WARN]: Skipping BlockEntity with id TConstruct.Servants
[15:52:33] [Server thread/WARN]: Skipping BlockEntity with id TConstruct.LavaTank
[15:52:33] [Server thread/WARN]: Skipping BlockEntity with id TConstruct.LavaTank
[15:52:33] [Server thread/WARN]: Skipping BlockEntity with id TConstruct.LavaTank
[15:52:33] [Server thread/WARN]: Skipping BlockEntity with id TConstruct.LavaTank
[15:52:33] [Server thread/WARN]: Skipping BlockEntity with id thermalexpansion.Light
[15:52:33] [Server thread/WARN]: Skipping BlockEntity with id thermalexpansion.Light
[15:52:33] [Server thread/WARN]: Skipping BlockEntity with id TConstruct.Servants
[15:52:33] [Server thread/WARN]: Skipping BlockEntity with id TConstruct.LavaTank
[15:52:33] [Server thread/WARN]: Skipping BlockEntity with id TConstruct.LavaTank
[15:52:33] [Server thread/WARN]: Skipping BlockEntity with id TConstruct.SmelteryDrain
[15:52:33] [Server thread/WARN]: Skipping BlockEntity with id TConstruct.Servants
[15:52:33] [Server thread/WARN]: Skipping BlockEntity with id TConstruct.LavaTank
[15:52:33] [Server thread/WARN]: Skipping BlockEntity with id TConstruct.LavaTank
[15:52:33] [Server thread/WARN]: Skipping BlockEntity with id TConstruct.LavaTank
[15:52:33] [Server thread/WARN]: Skipping BlockEntity with id TConstruct.LavaTank
[15:52:33] [Server thread/WARN]: Skipping BlockEntity with id TConstruct.Servants
[15:52:33] [Server thread/WARN]: Skipping BlockEntity with id TConstruct.LavaTank
[15:52:33] [Server thread/WARN]: Skipping BlockEntity with id TConstruct.LavaTank
[15:52:33] [Server thread/WARN]: Skipping BlockEntity with id TConstruct.LavaTank
[15:52:33] [Server thread/WARN]: Skipping BlockEntity with id TConstruct.LavaTank
[15:52:33] [Server thread/WARN]: Skipping BlockEntity with id TConstruct.Servants
[15:52:33] [Server thread/WARN]: Skipping BlockEntity with id TConstruct.Servants
[15:52:33] [Server thread/WARN]: Skipping BlockEntity with id TConstruct.Servants
[15:52:33] [Server thread/WARN]: Skipping BlockEntity with id TConstruct.Servants
[15:52:33] [Server thread/WARN]: Skipping BlockEntity with id TConstruct.Servants
[15:52:33] [Server thread/WARN]: Skipping BlockEntity with id TConstruct.Servants
[15:52:33] [Server thread/WARN]: Skipping BlockEntity with id TConstruct.Servants
[15:52:33] [Server thread/WARN]: Skipping BlockEntity with id TConstruct.Servants
[15:52:33] [Server thread/WARN]: Skipping BlockEntity with id TConstruct.Servants
[15:52:33] [Server thread/WARN]: Skipping BlockEntity with id TConstruct.Servants
[15:52:33] [Server thread/WARN]: Skipping BlockEntity with id TConstruct.Servants
[15:52:33] [Server thread/WARN]: Skipping BlockEntity with id TConstruct.Servants
[15:52:33] [Server thread/WARN]: Skipping BlockEntity with id TConstruct.Servants
[15:52:33] [Server thread/WARN]: Skipping BlockEntity with id TConstruct.Servants
[15:52:33] [Server thread/WARN]: Skipping BlockEntity with id thermalexpansion.Light
[15:52:33] [Server thread/WARN]: Skipping BlockEntity with id thermalexpansion.Light
[15:52:33] [Server thread/WARN]: Skipping BlockEntity with id thermalexpansion.Light
[15:52:33] [Server thread/WARN]: Skipping BlockEntity with id thermalexpansion.Light
[15:52:33] [Server thread/WARN]: Skipping BlockEntity with id BlockCableBus
[15:52:33] [Server thread/WARN]: Skipping BlockEntity with id BlockCableBus
[15:52:33] [Server thread/WARN]: Skipping BlockEntity with id BlockCableBus
[15:52:33] [Server thread/WARN]: Skipping BlockEntity with id BlockCableBus
[15:52:33] [Server thread/WARN]: Skipping BlockEntity with id BlockCableBus
[15:52:33] [Server thread/WARN]: Skipping BlockEntity with id BlockCableBus
[15:52:33] [Server thread/WARN]: Skipping BlockEntity with id BlockCableBus
[15:52:33] [Server thread/WARN]: Skipping BlockEntity with id BlockCableBus
[15:52:33] [Server thread/WARN]: Skipping BlockEntity with id BlockCableBus
[15:52:33] [Server thread/WARN]: Skipping BlockEntity with id BlockCableBus
[15:52:33] [Server thread/WARN]: Skipping BlockEntity with id BlockCableBus
[15:52:33] [Server thread/WARN]: Skipping BlockEntity with id TConstruct.Servants
[15:52:33] [Server thread/WARN]: Skipping BlockEntity with id TConstruct.Servants
[15:52:33] [Server thread/WARN]: Skipping BlockEntity with id TConstruct.Servants
[15:52:33] [Server thread/WARN]: Skipping BlockEntity with id TConstruct.Servants
[15:52:33] [Server thread/WARN]: Skipping BlockEntity with id TConstruct.Servants
[15:52:33] [Server thread/WARN]: Skipping BlockEntity with id TConstruct.Servants
[15:52:33] [Server thread/WARN]: Skipping BlockEntity with id TConstruct.Servants
[15:52:33] [Server thread/WARN]: Skipping BlockEntity with id TConstruct.Servants
[15:52:33] [Server thread/WARN]: Skipping BlockEntity with id TConstruct.Servants
[15:52:33] [Server thread/WARN]: Skipping BlockEntity with id TConstruct.Servants
[15:52:33] [Server thread/WARN]: Skipping BlockEntity with id TConstruct.Servants
[15:52:33] [Server thread/WARN]: Skipping BlockEntity with id TConstruct.Servants
[15:52:33] [Server thread/WARN]: Skipping BlockEntity with id TConstruct.Servants
[15:52:33] [Server thread/WARN]: Skipping BlockEntity with id TConstruct.Servants
[15:52:33] [Server thread/WARN]: Skipping BlockEntity with id TConstruct.Servants
[15:52:33] [Server thread/WARN]: Skipping BlockEntity with id BlockCableBus
[15:52:33] [Server thread/WARN]: Skipping BlockEntity with id BlockCableBus
[15:52:33] [Server thread/WARN]: Skipping BlockEntity with id TConstruct.Servants
[15:52:33] [Server thread/WARN]: Skipping BlockEntity with id ClientOnly_TESR_CableBus
[15:52:33] [Server thread/WARN]: Skipping BlockEntity with id TConstruct.Servants
[15:52:33] [Server thread/WARN]: Skipping BlockEntity with id ClientOnly_TESR_CableBus
[15:52:33] [Server thread/WARN]: Skipping BlockEntity with id TConstruct.Servants
[15:52:33] [Server thread/WARN]: Skipping BlockEntity with id TConstruct.Smeltery
[15:52:33] [Server thread/WARN]: Skipping BlockEntity with id TConstruct.LavaTank
[15:52:33] [Server thread/WARN]: Skipping BlockEntity with id TConstruct.LavaTank
[15:52:33] [Server thread/WARN]: Skipping BlockEntity with id TConstruct.Servants
[15:52:33] [Server thread/WARN]: Skipping BlockEntity with id TConstruct.LavaTank
[15:52:33] [Server thread/WARN]: Skipping BlockEntity with id TConstruct.LavaTank
[15:52:33] [Server thread/WARN]: Skipping BlockEntity with id TConstruct.LavaTank
[15:52:33] [Server thread/WARN]: Skipping BlockEntity with id TConstruct.LavaTank
[15:52:33] [Server thread/WARN]: Skipping BlockEntity with id TConstruct.Servants
[15:52:33] [Server thread/WARN]: Skipping BlockEntity with id TConstruct.LavaTank
[15:52:33] [Server thread/WARN]: Skipping BlockEntity with id TConstruct.LavaTank
[15:52:33] [Server thread/WARN]: Skipping BlockEntity with id TConstruct.LavaTank
[15:52:33] [Server thread/WARN]: Skipping BlockEntity with id TConstruct.LavaTank
[15:52:33] [Server thread/WARN]: Skipping BlockEntity with id ClientOnly_TESR_CableBus
[15:52:33] [Server thread/WARN]: Skipping BlockEntity with id cofh.thermalexpansion.PlateTranslocate
[15:52:33] [Server thread/WARN]: Skipping BlockEntity with id cofh.thermalexpansion.PlateTranslocate
[15:52:33] [Server thread/WARN]: Skipping BlockEntity with id cofh.thermalexpansion.PlateTranslocate
[15:52:33] [Server thread/WARN]: Skipping BlockEntity with id cofh.thermalexpansion.PlateTranslocate
[15:52:33] [Server thread/WARN]: Skipping BlockEntity with id TConstruct.Servants
[15:52:33] [Server thread/WARN]: Skipping BlockEntity with id TConstruct.Servants
[15:52:33] [Server thread/WARN]: Skipping BlockEntity with id TConstruct.Servants
[15:52:33] [Server thread/WARN]: Skipping BlockEntity with id TConstruct.Servants
[15:52:33] [Server thread/WARN]: Skipping BlockEntity with id TConstruct.Servants
[15:52:33] [Server thread/WARN]: Skipping BlockEntity with id TConstruct.Servants
[15:52:33] [Server thread/WARN]: Skipping BlockEntity with id TConstruct.Servants
[15:52:33] [Server thread/WARN]: Skipping BlockEntity with id TConstruct.Servants
[15:52:33] [Server thread/WARN]: Skipping BlockEntity with id TConstruct.Servants
[15:52:33] [Server thread/WARN]: Skipping BlockEntity with id TConstruct.Servants
[15:52:33] [Server thread/WARN]: Skipping BlockEntity with id TConstruct.Servants
[15:52:33] [Server thread/WARN]: Skipping BlockEntity with id TConstruct.Servants
[15:52:33] [Server thread/WARN]: Skipping BlockEntity with id TConstruct.Servants
[15:52:33] [Server thread/WARN]: Skipping BlockEntity with id TConstruct.Servants
[15:52:33] [Server thread/WARN]: Skipping BlockEntity with id TConstruct.Servants
[15:52:33] [Server thread/WARN]: Skipping BlockEntity with id TConstruct.Servants
[15:52:33] [Server thread/WARN]: Skipping BlockEntity with id TConstruct.Servants
[15:52:33] [Server thread/WARN]: Skipping BlockEntity with id TConstruct.Servants
[15:52:33] [Server thread/WARN]: Skipping BlockEntity with id TConstruct.Servants
[15:52:33] [Server thread/WARN]: Skipping BlockEntity with id TConstruct.Servants
[15:52:33] [Server thread/WARN]: Skipping BlockEntity with id TConstruct.Servants
[15:52:33] [Server thread/WARN]: Skipping BlockEntity with id TConstruct.Servants
[15:52:33] [Server thread/WARN]: Skipping BlockEntity with id TConstruct.Servants
[15:52:33] [Server thread/WARN]: Skipping BlockEntity with id TConstruct.Servants
[15:52:33] [Server thread/WARN]: Skipping BlockEntity with id TConstruct.Servants
[15:52:33] [Server thread/WARN]: Skipping BlockEntity with id TConstruct.Servants
[15:52:33] [Server thread/WARN]: Skipping BlockEntity with id TConstruct.Servants
[15:52:33] [Server thread/WARN]: Skipping BlockEntity with id TConstruct.LavaTank
[15:52:33] [Server thread/WARN]: Skipping BlockEntity with id TConstruct.LavaTank
[15:52:33] [Server thread/WARN]: Skipping BlockEntity with id TConstruct.LavaTank
[15:52:33] [Server thread/WARN]: Skipping BlockEntity with id TConstruct.LavaTank
[15:52:33] [Server thread/WARN]: Skipping BlockEntity with id TConstruct.Servants
[15:52:33] [Server thread/WARN]: Skipping BlockEntity with id TConstruct.Servants
[15:52:33] [Server thread/WARN]: Skipping BlockEntity with id TConstruct.Servants
[15:52:33] [Server thread/WARN]: Skipping BlockEntity with id TConstruct.Servants
[15:52:33] [Server thread/WARN]: Skipping BlockEntity with id TConstruct.Servants
[15:52:33] [Server thread/WARN]: Skipping BlockEntity with id TConstruct.Servants
[15:52:33] [Server thread/WARN]: Skipping BlockEntity with id TConstruct.Servants
[15:52:33] [Server thread/WARN]: Skipping BlockEntity with id TConstruct.Servants
[15:52:33] [Server thread/WARN]: Skipping BlockEntity with id TConstruct.Servants
[15:52:33] [Server thread/WARN]: Skipping BlockEntity with id TConstruct.Servants
[15:52:33] [Server thread/WARN]: Skipping BlockEntity with id TConstruct.Servants
[15:52:33] [Server thread/WARN]: Skipping BlockEntity with id TConstruct.Servants
[15:52:33] [Server thread/WARN]: Skipping BlockEntity with id TConstruct.Servants
[15:52:33] [Server thread/WARN]: Skipping BlockEntity with id TConstruct.Servants
[15:52:33] [Server thread/WARN]: Skipping BlockEntity with id TConstruct.Servants
[15:52:33] [Server thread/WARN]: Skipping BlockEntity with id TConstruct.Servants
[15:52:33] [Server thread/WARN]: Skipping BlockEntity with id TConstruct.Servants
[15:52:33] [Server thread/WARN]: Skipping BlockEntity with id TConstruct.Servants
[15:52:33] [Server thread/WARN]: Skipping BlockEntity with id TConstruct.Servants
[15:52:33] [Server thread/WARN]: Skipping BlockEntity with id TConstruct.Servants
[15:52:33] [Server thread/WARN]: Skipping BlockEntity with id TConstruct.Servants
[15:52:33] [Server thread/WARN]: Skipping BlockEntity with id TConstruct.Servants
[15:52:33] [Server thread/WARN]: Skipping BlockEntity with id TConstruct.Servants
[15:52:33] [Server thread/WARN]: Skipping BlockEntity with id TConstruct.Servants
[15:52:33] [Server thread/WARN]: Skipping BlockEntity with id TConstruct.Servants
[15:52:33] [Server thread/WARN]: Skipping BlockEntity with id TConstruct.Servants
[15:52:33] [Server thread/WARN]: Skipping BlockEntity with id TConstruct.Servants
[15:52:33] [Server thread/WARN]: Skipping BlockEntity with id TConstruct.Servants
[15:52:33] [Server thread/WARN]: Skipping BlockEntity with id TConstruct.Servants
[15:52:33] [Server thread/WARN]: Skipping BlockEntity with id TConstruct.Servants
[15:52:33] [Server thread/WARN]: Skipping BlockEntity with id TConstruct.Servants
[15:52:33] [Server thread/WARN]: Skipping BlockEntity with id TConstruct.Servants
[15:52:33] [Server thread/WARN]: Skipping BlockEntity with id TConstruct.Servants
[15:52:33] [Server thread/WARN]: Skipping BlockEntity with id TConstruct.Servants
[15:52:33] [Server thread/WARN]: Skipping BlockEntity with id TConstruct.Servants
[15:52:33] [Server thread/WARN]: Skipping BlockEntity with id TConstruct.Servants
[15:52:33] [Server thread/WARN]: Skipping BlockEntity with id TConstruct.Servants
[15:52:33] [Server thread/WARN]: Skipping BlockEntity with id TConstruct.Servants
[15:52:33] [Server thread/WARN]: Skipping BlockEntity with id TConstruct.Servants
[15:52:33] [Server thread/WARN]: Skipping BlockEntity with id TConstruct.Servants
[15:52:33] [Server thread/WARN]: Skipping BlockEntity with id TConstruct.Servants
[15:52:33] [Server thread/WARN]: Skipping BlockEntity with id TConstruct.Servants
[15:52:33] [Server thread/WARN]: Skipping BlockEntity with id TConstruct.Servants
[15:52:33] [Server thread/WARN]: Skipping BlockEntity with id TConstruct.Servants
[15:52:33] [Server thread/WARN]: Skipping BlockEntity with id TConstruct.Servants
[15:52:33] [Server thread/WARN]: Skipping BlockEntity with id TConstruct.Servants
[15:52:33] [Server thread/WARN]: Skipping BlockEntity with id TConstruct.Servants
[15:52:33] [Server thread/WARN]: Skipping BlockEntity with id TConstruct.Servants
[15:52:33] [Server thread/WARN]: Skipping BlockEntity with id TConstruct.Servants
[15:52:33] [Server thread/WARN]: Skipping BlockEntity with id TConstruct.Servants
[15:52:33] [Server thread/WARN]: Skipping BlockEntity with id TConstruct.Servants
[15:52:33] [Server thread/WARN]: Skipping BlockEntity with id TConstruct.Servants
[15:52:33] [Server thread/WARN]: Skipping BlockEntity with id TConstruct.Servants
[15:52:33] [Server thread/WARN]: Skipping BlockEntity with id TConstruct.Servants
[15:52:33] [Server thread/WARN]: Skipping BlockEntity with id TConstruct.Servants
[15:52:33] [Server thread/WARN]: Skipping BlockEntity with id TConstruct.Servants
[15:52:33] [Server thread/WARN]: Skipping BlockEntity with id TConstruct.Servants
[15:52:33] [Server thread/WARN]: Skipping BlockEntity with id TConstruct.Servants
[15:52:33] [Server thread/WARN]: Skipping BlockEntity with id TConstruct.Servants
[15:52:33] [Server thread/WARN]: Skipping BlockEntity with id TConstruct.Servants
[15:52:33] [Server thread/WARN]: Skipping BlockEntity with id TConstruct.Servants
[15:52:33] [Server thread/WARN]: Skipping BlockEntity with id TConstruct.Servants
[15:52:33] [Server thread/WARN]: Skipping BlockEntity with id TConstruct.Servants
[15:52:33] [Server thread/WARN]: Skipping BlockEntity with id TConstruct.Servants
[15:52:33] [Server thread/WARN]: Skipping BlockEntity with id TConstruct.Servants
[15:52:33] [Server thread/WARN]: Skipping BlockEntity with id TConstruct.Servants
[15:52:33] [Server thread/WARN]: Skipping BlockEntity with id TConstruct.Servants
[15:52:33] [Server thread/WARN]: Skipping BlockEntity with id TConstruct.Servants
[15:52:33] [Server thread/WARN]: Skipping BlockEntity with id TConstruct.Servants
[15:52:33] [Server thread/WARN]: Skipping BlockEntity with id TConstruct.Servants
[15:52:33] [Server thread/WARN]: Skipping BlockEntity with id thermalexpansion.Light
[15:52:33] [Server thread/WARN]: Skipping BlockEntity with id thermalexpansion.Light
[15:52:33] [Server thread/WARN]: Skipping BlockEntity with id thermalexpansion.Light
[15:52:33] [Server thread/WARN]: Skipping BlockEntity with id thermalexpansion.Light
[15:52:33] [Server thread/WARN]: Skipping BlockEntity with id thermalexpansion.Light
[15:52:33] [Server thread/WARN]: Skipping BlockEntity with id thermalexpansion.Light
[15:52:33] [Server thread/WARN]: Skipping BlockEntity with id RAM_WaySign
[15:52:33] [Server thread/WARN]: Skipping BlockEntity with id ArmorStandTile
[15:52:33] [Server thread/WARN]: Skipping BlockEntity with id ToolRackTile
[15:52:33] [Server thread/WARN]: Skipping BlockEntity with id TileEntityRainMuffler
[15:52:33] [Server thread/WARN]: Skipping BlockEntity with id cofh.thermalexpansion.PlateImpulse
[15:52:33] [Server thread/WARN]: Skipping BlockEntity with id thermalexpansion.Light
[15:52:33] [Server thread/WARN]: Skipping BlockEntity with id TileEntityRainMuffler
[15:52:33] [Server thread/WARN]: Skipping BlockEntity with id thermalexpansion.Light
[15:52:33] [Server thread/WARN]: Skipping BlockEntity with id thermalexpansion.Light
[15:52:33] [Server thread/WARN]: Skipping BlockEntity with id thermalexpansion.Light
[15:52:33] [Server thread/WARN]: Skipping BlockEntity with id thermalexpansion.Light
[15:52:33] [Server thread/WARN]: Skipping BlockEntity with id thermalexpansion.Light
[15:52:33] [Server thread/WARN]: Skipping BlockEntity with id TileNPCCouchWool
[15:52:33] [Server thread/WARN]: Skipping BlockEntity with id TileNPCCouchWool
[15:52:33] [Server thread/WARN]: Skipping BlockEntity with id RAM_WaySign
[15:52:33] [Server thread/WARN]: Skipping BlockEntity with id RAM_WaySign
[15:52:33] [Server thread/WARN]: Skipping BlockEntity with id thermalexpansion.Light
[15:52:33] [Server thread/WARN]: Skipping BlockEntity with id thermalexpansion.Light
[15:52:33] [Server thread/WARN]: Skipping BlockEntity with id thermalexpansion.Light
[15:52:33] [Server thread/WARN]: Skipping BlockEntity with id thermalexpansion.Light
[15:52:33] [Server thread/WARN]: Skipping BlockEntity with id cofh.thermalexpansion.PlateImpulse
[15:52:33] [Server thread/WARN]: Skipping BlockEntity with id ToolForge
[15:52:33] [Server thread/WARN]: Skipping BlockEntity with id WritingDeskTile
[15:52:33] [Server thread/WARN]: Skipping BlockEntity with id TileNPCChair
[15:52:33] [Server thread/WARN]: Skipping BlockEntity with id thermalexpansion.Light
[15:52:33] [Server thread/WARN]: Skipping BlockEntity with id thermalexpansion.Light
[15:52:33] [Server thread/WARN]: Skipping BlockEntity with id WeaponCaseTile
[15:52:33] [Server thread/WARN]: Skipping BlockEntity with id BookcaseTile
[15:52:33] [Server thread/WARN]: Skipping BlockEntity with id LampTile
[15:52:33] [Server thread/WARN]: Skipping BlockEntity with id RAM_WaySign
[15:52:33] [Server thread/WARN]: Skipping BlockEntity with id WeaponCaseTile
[15:52:33] [Server thread/WARN]: Skipping BlockEntity with id TileNPCCouchWool
[15:52:33] [Server thread/WARN]: Skipping BlockEntity with id NaturaTableTile
[15:52:33] [Server thread/WARN]: Skipping BlockEntity with id TileNPCCouchWool
[15:52:33] [Server thread/WARN]: Skipping BlockEntity with id NaturaTableTile
[15:52:33] [Server thread/WARN]: Skipping BlockEntity with id WeaponCaseTile
[15:52:33] [Server thread/WARN]: Skipping BlockEntity with id TileEntityTrashCan
[15:52:33] [Server thread/WARN]: Skipping BlockEntity with id thermalexpansion.Light
[15:52:33] [Server thread/WARN]: Skipping BlockEntity with id thermalexpansion.Light
[15:52:33] [Server thread/WARN]: Skipping BlockEntity with id thermalexpansion.Light
[15:52:33] [Server thread/WARN]: Skipping BlockEntity with id thermalexpansion.Light
[15:52:33] [Server thread/WARN]: Skipping BlockEntity with id botania:manaBeacon
[15:52:33] [Server thread/WARN]: Skipping BlockEntity with id TileEntityAntiMobTorch
[15:52:33] [Server thread/WARN]: Skipping BlockEntity with id thermalexpansion.Light
[15:52:33] [Server thread/WARN]: Skipping BlockEntity with id thermalexpansion.Light
[15:52:33] [Server thread/WARN]: Skipping BlockEntity with id thermalexpansion.Light
[15:52:33] [Server thread/WARN]: Skipping BlockEntity with id thermalexpansion.Light
[15:52:33] [Server thread/WARN]: Skipping BlockEntity with id RAM_WaySign
[15:52:33] [Server thread/WARN]: Skipping BlockEntity with id thermalexpansion.Light
[15:52:33] [Server thread/WARN]: Skipping BlockEntity with id thermalexpansion.Light
[15:52:33] [Server thread/WARN]: Skipping BlockEntity with id LanternTile
[15:52:33] [Server thread/WARN]: Skipping BlockEntity with id thermalexpansion.Light
[15:52:33] [Server thread/WARN]: Skipping BlockEntity with id thermalexpansion.Light
[15:52:33] [Server thread/WARN]: Skipping BlockEntity with id thermalexpansion.Light
[15:52:33] [Server thread/WARN]: Skipping BlockEntity with id thermalexpansion.Light
[15:52:33] [Server thread/WARN]: Skipping BlockEntity with id RAM_WaySign
[15:52:33] [Server thread/WARN]: Skipping BlockEntity with id thermalexpansion.Light
[15:52:33] [Server thread/WARN]: Skipping BlockEntity with id thermalexpansion.Light
[15:52:33] [Server thread/WARN]: Skipping BlockEntity with id thermalexpansion.Light
[15:52:33] [Server thread/WARN]: Skipping BlockEntity with id thermalexpansion.Light
[15:52:33] [Server thread/WARN]: Skipping BlockEntity with id thermalexpansion.Light
[15:52:33] [Server thread/WARN]: Skipping BlockEntity with id TileEntityRainMuffler
[15:52:33] [Server thread/WARN]: Skipping BlockEntity with id thermalexpansion.Light
[15:52:33] [Server thread/WARN]: Skipping BlockEntity with id UndergroundBiomesTileEntity
[15:52:33] [Server thread/WARN]: Skipping BlockEntity with id UndergroundBiomesTileEntity
[15:52:33] [Server thread/WARN]: Skipping BlockEntity with id UndergroundBiomesTileEntity
[15:52:33] [Server thread/WARN]: Skipping BlockEntity with id UndergroundBiomesTileEntity
[15:52:33] [Server thread/WARN]: Skipping BlockEntity with id UndergroundBiomesTileEntity
[15:52:33] [Server thread/WARN]: Skipping BlockEntity with id UndergroundBiomesTileEntity
[15:52:33] [Server thread/WARN]: Skipping BlockEntity with id UndergroundBiomesTileEntity
[15:52:33] [Server thread/WARN]: Skipping BlockEntity with id UndergroundBiomesTileEntity
[15:52:33] [Server thread/WARN]: Skipping BlockEntity with id UndergroundBiomesTileEntity
[15:52:33] [Server thread/WARN]: Skipping BlockEntity with id UndergroundBiomesTileEntity
[15:52:33] [Server thread/WARN]: Skipping BlockEntity with id UndergroundBiomesTileEntity
[15:52:33] [Server thread/WARN]: Skipping BlockEntity with id UndergroundBiomesTileEntity
[15:52:33] [Server thread/WARN]: Skipping BlockEntity with id UndergroundBiomesTileEntity
[15:52:33] [Server thread/WARN]: Skipping BlockEntity with id UndergroundBiomesTileEntity
[15:52:33] [Server thread/WARN]: Skipping BlockEntity with id UndergroundBiomesTileEntity
[15:52:33] [Server thread/WARN]: Skipping BlockEntity with id UndergroundBiomesTileEntity
[15:52:33] [Server thread/WARN]: Skipping BlockEntity with id UndergroundBiomesTileEntity
[15:52:33] [Server thread/WARN]: Skipping BlockEntity with id UndergroundBiomesTileEntity
[15:52:33] [Server thread/WARN]: Skipping BlockEntity with id UndergroundBiomesTileEntity
[15:52:33] [Server thread/WARN]: Skipping BlockEntity with id UndergroundBiomesTileEntity
[15:52:33] [Server thread/WARN]: Skipping BlockEntity with id UndergroundBiomesTileEntity
[15:52:33] [Server thread/WARN]: Skipping BlockEntity with id UndergroundBiomesTileEntity
[15:52:33] [Server thread/WARN]: Skipping BlockEntity with id UndergroundBiomesTileEntity
[15:52:33] [Server thread/WARN]: Skipping BlockEntity with id UndergroundBiomesTileEntity
[15:52:33] [Server thread/WARN]: Skipping BlockEntity with id TileNPCLamp
[15:52:33] [Server thread/WARN]: Skipping BlockEntity with id TileNPCLamp
[15:52:33] [Server thread/WARN]: Skipping BlockEntity with id PamOven
[15:52:33] [Server thread/WARN]: Skipping BlockEntity with id LampTile
[15:52:33] [Server thread/WARN]: Skipping BlockEntity with id TileNPCTable
[15:52:33] [Server thread/WARN]: Skipping BlockEntity with id TileNPCTable
[15:52:33] [Server thread/WARN]: Skipping BlockEntity with id Drawbridge
[15:52:33] [Server thread/WARN]: Skipping BlockEntity with id Drawbridge
[15:52:33] [Server thread/WARN]: Skipping BlockEntity with id TileNPCCouchWool
[15:52:33] [Server thread/WARN]: Skipping BlockEntity with id TileNPCCouchWool
[15:52:33] [Server thread/WARN]: Skipping BlockEntity with id TileNPCCouchWool
[15:52:33] [Server thread/WARN]: Skipping BlockEntity with id TileNPCChair
[15:52:33] [Server thread/WARN]: Skipping BlockEntity with id TileNPCCouchWool
[15:52:33] [Server thread/WARN]: Skipping BlockEntity with id TileEntityRainMuffler
[15:52:33] [Server thread/WARN]: Skipping BlockEntity with id TileNPCCouchWool
[15:52:33] [Server thread/WARN]: Skipping BlockEntity with id TileNPCCrate
[15:52:33] [Server thread/WARN]: Skipping BlockEntity with id GenericShelfTile
[15:52:33] [Server thread/WARN]: Skipping BlockEntity with id GenericShelfTile
[15:52:33] [Server thread/WARN]: Skipping BlockEntity with id TileNPCLamp
[15:52:33] [Server thread/WARN]: Skipping BlockEntity with id LampTile
[15:52:33] [Server thread/WARN]: Skipping BlockEntity with id LampTile
[15:52:33] [Server thread/WARN]: Skipping BlockEntity with id TileNPCCouchWool
[15:52:33] [Server thread/WARN]: Skipping BlockEntity with id TileNPCCouchWool
[15:52:33] [Server thread/WARN]: Skipping BlockEntity with id GenericShelfTile
[15:52:33] [Server thread/WARN]: Skipping BlockEntity with id NaturaTableTile
[15:52:33] [Server thread/WARN]: Skipping BlockEntity with id NaturaTableTile
[15:52:33] [Server thread/WARN]: Skipping BlockEntity with id NaturaTableTile
[15:52:33] [Server thread/WARN]: Skipping BlockEntity with id TileNPCChair
[15:52:33] [Server thread/WARN]: Skipping BlockEntity with id TileNPCTable
[15:52:33] [Server thread/WARN]: Skipping BlockEntity with id TileNPCCouchWool
[15:52:33] [Server thread/WARN]: Skipping BlockEntity with id NaturaTableTile
[15:52:33] [Server thread/WARN]: Skipping BlockEntity with id TileNPCTallLamp
[15:52:33] [Server thread/WARN]: Skipping BlockEntity with id TileNPCShelf
[15:52:33] [Server thread/WARN]: Skipping BlockEntity with id TileEntityTrashCan
[15:52:33] [Server thread/WARN]: Skipping BlockEntity with id TileNPCCouchWool
[15:52:33] [Server thread/WARN]: Skipping BlockEntity with id container.betterstorage.locker
[15:52:33] [Server thread/WARN]: Skipping BlockEntity with id container.betterstorage.locker
[15:52:33] [Server thread/WARN]: Skipping BlockEntity with id TileNPCCouchWool
[15:52:33] [Server thread/WARN]: Skipping BlockEntity with id TileNPCCouchWool
[15:52:33] [Server thread/WARN]: Skipping BlockEntity with id RAM_WaySign
[15:52:33] [Server thread/WARN]: Skipping BlockEntity with id RAM_WaySign
[15:52:33] [Server thread/WARN]: Skipping BlockEntity with id thermalexpansion.Light
[15:52:33] [Server thread/WARN]: Skipping BlockEntity with id thermalexpansion.Light
[15:52:33] [Server thread/WARN]: Skipping BlockEntity with id thermalexpansion.Light
[15:52:33] [Server thread/WARN]: Skipping BlockEntity with id thermalexpansion.Light
[15:52:33] [Server thread/WARN]: Skipping BlockEntity with id thermalexpansion.Light
[15:52:33] [Server thread/WARN]: Skipping BlockEntity with id thermalexpansion.Light
[15:52:33] [Server thread/WARN]: Skipping BlockEntity with id LanternTile
[15:52:33] [Server thread/WARN]: Skipping BlockEntity with id TileNPCChair
[15:52:33] [Server thread/WARN]: Skipping BlockEntity with id TileNPCChair
[15:52:33] [Server thread/WARN]: Skipping BlockEntity with id TileNPCChair
[15:52:33] [Server thread/WARN]: Skipping BlockEntity with id TileNPCChair
[15:52:33] [Server thread/WARN]: Skipping BlockEntity with id TileNPCCouchWool
[15:52:33] [Server thread/WARN]: Skipping BlockEntity with id TileNPCCouchWool
[15:52:33] [Server thread/WARN]: Skipping BlockEntity with id TileNPCTable
[15:52:33] [Server thread/WARN]: Skipping BlockEntity with id TileNPCTable
[15:52:33] [Server thread/WARN]: Skipping BlockEntity with id TileNPCTable
[15:52:33] [Server thread/WARN]: Skipping BlockEntity with id TileNPCTable
[15:52:33] [Server thread/WARN]: Skipping BlockEntity with id TileNPCCouchWool
[15:52:33] [Server thread/WARN]: Skipping BlockEntity with id TileNPCCouchWool
[15:52:33] [Server thread/WARN]: Skipping BlockEntity with id TileNPCTable
[15:52:33] [Server thread/WARN]: Skipping BlockEntity with id TileNPCTable
[15:52:33] [Server thread/WARN]: Skipping BlockEntity with id TileNPCTable
[15:52:33] [Server thread/WARN]: Skipping BlockEntity with id TileNPCTable
[15:52:33] [Server thread/WARN]: Skipping BlockEntity with id TileNPCCouchWool
[15:52:33] [Server thread/WARN]: Skipping BlockEntity with id TileNPCCouchWool
[15:52:33] [Server thread/WARN]: Skipping BlockEntity with id LanternTile
[15:52:33] [Server thread/WARN]: Skipping BlockEntity with id LanternTile
[15:52:33] [Server thread/WARN]: Skipping BlockEntity with id TileNPCTable
[15:52:33] [Server thread/WARN]: Skipping BlockEntity with id TileNPCTable
[15:52:33] [Server thread/WARN]: Skipping BlockEntity with id TileNPCTable
[15:52:33] [Server thread/WARN]: Skipping BlockEntity with id TileNPCTable
[15:52:33] [Server thread/WARN]: Skipping BlockEntity with id TileNPCChair
[15:52:33] [Server thread/WARN]: Skipping BlockEntity with id TileNPCChair
[15:52:33] [Server thread/WARN]: Skipping BlockEntity with id TileNPCChair
[15:52:33] [Server thread/WARN]: Skipping BlockEntity with id TileNPCChair
[15:52:33] [Server thread/WARN]: Skipping BlockEntity with id TileNPCCouchWool
[15:52:33] [Server thread/WARN]: Skipping BlockEntity with id TileNPCCouchWool
[15:52:33] [Server thread/WARN]: Skipping BlockEntity with id thermalexpansion.Light
[15:52:33] [Server thread/WARN]: Skipping BlockEntity with id LanternTile
[15:52:33] [Server thread/WARN]: Skipping BlockEntity with id thermalexpansion.Light
[15:52:33] [Server thread/WARN]: Skipping BlockEntity with id thermalexpansion.Light
[15:52:33] [Server thread/WARN]: Skipping BlockEntity with id UndergroundBiomesTileEntity
[15:52:33] [Server thread/WARN]: Skipping BlockEntity with id UndergroundBiomesTileEntity
[15:52:33] [Server thread/WARN]: Skipping BlockEntity with id UndergroundBiomesTileEntity
[15:52:33] [Server thread/WARN]: Skipping BlockEntity with id UndergroundBiomesTileEntity
[15:52:33] [Server thread/WARN]: Skipping BlockEntity with id UndergroundBiomesTileEntity
[15:52:33] [Server thread/WARN]: Skipping BlockEntity with id UndergroundBiomesTileEntity
[15:52:33] [Server thread/WARN]: Skipping BlockEntity with id UndergroundBiomesTileEntity
[15:52:33] [Server thread/WARN]: Skipping BlockEntity with id UndergroundBiomesTileEntity
[15:52:33] [Server thread/WARN]: Skipping BlockEntity with id UndergroundBiomesTileEntity
[15:52:33] [Server thread/WARN]: Skipping BlockEntity with id UndergroundBiomesTileEntity
[15:52:33] [Server thread/WARN]: Skipping BlockEntity with id UndergroundBiomesTileEntity
[15:52:33] [Server thread/WARN]: Skipping BlockEntity with id TileEntityRainMuffler
[15:52:33] [Server thread/WARN]: Skipping BlockEntity with id NaturaClockTile
[15:52:33] [Server thread/WARN]: Skipping BlockEntity with id NaturaClockTile
[15:52:33] [Server thread/WARN]: Skipping BlockEntity with id LampTile
[15:52:33] [Server thread/WARN]: Skipping BlockEntity with id LampTile
[15:52:33] [Server thread/WARN]: Skipping BlockEntity with id PamOven
[15:52:33] [Server thread/WARN]: Skipping BlockEntity with id thermalexpansion.Light
[15:52:33] [Server thread/WARN]: Skipping BlockEntity with id thermalexpansion.Light
[15:52:33] [Server thread/WARN]: Skipping BlockEntity with id thermalexpansion.Light
[15:52:33] [Server thread/WARN]: Skipping BlockEntity with id thermalexpansion.Light
[15:52:33] [Server thread/WARN]: Skipping BlockEntity with id TileNPCChair
[15:52:33] [Server thread/WARN]: Skipping BlockEntity with id TileNPCTable
[15:52:33] [Server thread/WARN]: Skipping BlockEntity with id TileNPCTable
[15:52:33] [Server thread/WARN]: Skipping BlockEntity with id LanternTile
[15:52:33] [Server thread/WARN]: Skipping BlockEntity with id TileNPCTable
[15:52:33] [Server thread/WARN]: Skipping BlockEntity with id TileNPCChair
[15:52:33] [Server thread/WARN]: Skipping BlockEntity with id thermalexpansion.Light
[15:52:33] [Server thread/INFO]: Successfully generated CheatHub.
[15:52:33] [Server thread/INFO]: Started generating 25 chunks from CheatHub.schematic.
[15:52:35] [Server thread/WARN]: Skipping Entity with id Thaumcraft.Dart
[15:52:35] [Server thread/ERROR]: Encountered an unexpected exception
java.lang.NullPointerException
	at com.github.lunatrius.schematica.world.chunk.GenerateSchematicContainer.complete(GenerateSchematicContainer.java:44) ~[GenerateSchematicContainer.class:?]
	at com.github.lunatrius.schematica.handler.QueueTickHandler.processQueue(QueueTickHandler.java:70) ~[QueueTickHandler.class:?]
	at com.github.lunatrius.schematica.handler.QueueTickHandler.onServerTick(QueueTickHandler.java:46) ~[QueueTickHandler.class:?]
	at cpw.mods.fml.common.eventhandler.ASMEventHandler_7_QueueTickHandler_onServerTick_ServerTickEvent.invoke(.dynamic) ~[?:?]
	at cpw.mods.fml.common.eventhandler.ASMEventHandler.invoke(ASMEventHandler.java:54) ~[ASMEventHandler.class:?]
	at cpw.mods.fml.common.eventhandler.EventBus.post(EventBus.java:138) ~[EventBus.class:?]
	at cpw.mods.fml.common.FMLCommonHandler.onPostServerTick(FMLCommonHandler.java:247) ~[FMLCommonHandler.class:?]
	at net.minecraft.server.MinecraftServer.tick(MinecraftServer.java:657) ~[MinecraftServer.class:?]
	at net.minecraft.server.MinecraftServer.run(MinecraftServer.java:485) [MinecraftServer.class:?]
	at net.minecraft.server.MinecraftServer$2.run(MinecraftServer.java:752) [MinecraftServer$2.class:?]
[15:52:35] [Server thread/ERROR]: This crash report has been saved to: D:\PurplePanic\eclipse\.\crash-reports\crash-2015-08-19_15.52.35-server.txt
[15:52:35] [Server thread/INFO]: Stopping server
[15:52:35] [Server thread/INFO]: Saving players
[15:52:35] [Server thread/INFO]: Saving worlds
[15:52:35] [Server thread/INFO]: Saving chunks for level 'world'/Overworld
[15:52:35] [Server thread/INFO]: Saving chunks for level 'world'/Nether
[15:52:35] [Server thread/INFO]: Saving chunks for level 'world'/The End
